2018-11-23 11:19:29 [ ERROR ] [ RedisUtil.java :113(getJedis)] Get jedis error : redis.clients.jedis.exceptions.JedisConnectionException: Could not get a resource from the pool
2018-11-23 11:19:41 [ ERROR ] [ ExceptionFilter.java :87(invoke)]  [DUBBO] Got unchecked and undeclared exception which called by 192.168.1.149. service: com.hrym.api.auth.ResourceItemLessonService, method: search, exception: java.lang.NullPointerException: null, dubbo version: 2.5.3, current host: 127.0.0.1
java.lang.NullPointerException
	at com.hrym.rpc.auth.ResourceItemLessonServiceImpl.search(ResourceItemLessonServiceImpl.java:168)
	at sun.reflect.NativeMethodAccessorImpl.invoke0(Native Method)
	at sun.reflect.NativeMethodAccessorImpl.invoke(NativeMethodAccessorImpl.java:62)
	at sun.reflect.DelegatingMethodAccessorImpl.invoke(DelegatingMethodAccessorImpl.java:43)
	at java.lang.reflect.Method.invoke(Method.java:498)
	at org.springframework.aop.support.AopUtils.invokeJoinpointUsingReflection(AopUtils.java:333)
	at org.springframework.aop.framework.JdkDynamicAopProxy.invoke(JdkDynamicAopProxy.java:207)
	at com.sun.proxy.$Proxy101.search(Unknown Source)
	at com.alibaba.dubbo.common.bytecode.Wrapper30.invokeMethod(Wrapper30.java)
	at com.alibaba.dubbo.rpc.proxy.javassist.JavassistProxyFactory$1.doInvoke(JavassistProxyFactory.java:46)
	at com.alibaba.dubbo.rpc.proxy.AbstractProxyInvoker.invoke(AbstractProxyInvoker.java:72)
	at com.alibaba.dubbo.rpc.protocol.InvokerWrapper.invoke(InvokerWrapper.java:53)
	at com.alibaba.dubbo.rpc.filter.ExceptionFilter.invoke(ExceptionFilter.java:64)
	at com.alibaba.dubbo.rpc.protocol.ProtocolFilterWrapper$1.invoke(ProtocolFilterWrapper.java:91)
	at com.alibaba.dubbo.monitor.support.MonitorFilter.invoke(MonitorFilter.java:75)
	at com.alibaba.dubbo.rpc.protocol.ProtocolFilterWrapper$1.invoke(ProtocolFilterWrapper.java:91)
	at com.alibaba.dubbo.rpc.filter.TimeoutFilter.invoke(TimeoutFilter.java:42)
	at com.alibaba.dubbo.rpc.protocol.ProtocolFilterWrapper$1.invoke(ProtocolFilterWrapper.java:91)
	at com.alibaba.dubbo.rpc.protocol.dubbo.filter.TraceFilter.invoke(TraceFilter.java:78)
	at com.alibaba.dubbo.rpc.protocol.ProtocolFilterWrapper$1.invoke(ProtocolFilterWrapper.java:91)
	at com.alibaba.dubbo.rpc.filter.ContextFilter.invoke(ContextFilter.java:60)
	at com.alibaba.dubbo.rpc.protocol.ProtocolFilterWrapper$1.invoke(ProtocolFilterWrapper.java:91)
	at com.alibaba.dubbo.rpc.filter.GenericFilter.invoke(GenericFilter.java:112)
	at com.alibaba.dubbo.rpc.protocol.ProtocolFilterWrapper$1.invoke(ProtocolFilterWrapper.java:91)
	at com.alibaba.dubbo.rpc.filter.ClassLoaderFilter.invoke(ClassLoaderFilter.java:38)
	at com.alibaba.dubbo.rpc.protocol.ProtocolFilterWrapper$1.invoke(ProtocolFilterWrapper.java:91)
	at com.alibaba.dubbo.rpc.filter.EchoFilter.invoke(EchoFilter.java:38)
	at com.alibaba.dubbo.rpc.protocol.ProtocolFilterWrapper$1.invoke(ProtocolFilterWrapper.java:91)
	at com.alibaba.dubbo.rpc.protocol.dubbo.DubboProtocol$1.reply(DubboProtocol.java:108)
	at com.alibaba.dubbo.remoting.exchange.support.header.HeaderExchangeHandler.handleRequest(HeaderExchangeHandler.java:84)
	at com.alibaba.dubbo.remoting.exchange.support.header.HeaderExchangeHandler.received(HeaderExchangeHandler.java:170)
	at com.alibaba.dubbo.remoting.transport.DecodeHandler.received(DecodeHandler.java:52)
	at com.alibaba.dubbo.remoting.transport.dispatcher.ChannelEventRunnable.run(ChannelEventRunnable.java:82)
	at java.util.concurrent.ThreadPoolExecutor.runWorker(ThreadPoolExecutor.java:1149)
	at java.util.concurrent.ThreadPoolExecutor$Worker.run(ThreadPoolExecutor.java:624)
	at java.lang.Thread.run(Thread.java:748)
2018-11-23 11:19:57 [ ERROR ] [ RedisUtil.java :113(getJedis)] Get jedis error : redis.clients.jedis.exceptions.JedisConnectionException: Could not get a resource from the pool
2018-11-23 11:20:13 [ ERROR ] [ ExceptionFilter.java :87(invoke)]  [DUBBO] Got unchecked and undeclared exception which called by 192.168.1.149. service: com.hrym.api.auth.ResourceItemLessonService, method: search, exception: java.lang.NullPointerException: null, dubbo version: 2.5.3, current host: 127.0.0.1
java.lang.NullPointerException
	at com.hrym.rpc.auth.ResourceItemLessonServiceImpl.search(ResourceItemLessonServiceImpl.java:168)
	at sun.reflect.NativeMethodAccessorImpl.invoke0(Native Method)
	at sun.reflect.NativeMethodAccessorImpl.invoke(NativeMethodAccessorImpl.java:62)
	at sun.reflect.DelegatingMethodAccessorImpl.invoke(DelegatingMethodAccessorImpl.java:43)
	at java.lang.reflect.Method.invoke(Method.java:498)
	at org.springframework.aop.support.AopUtils.invokeJoinpointUsingReflection(AopUtils.java:333)
	at org.springframework.aop.framework.JdkDynamicAopProxy.invoke(JdkDynamicAopProxy.java:207)
	at com.sun.proxy.$Proxy101.search(Unknown Source)
	at com.alibaba.dubbo.common.bytecode.Wrapper30.invokeMethod(Wrapper30.java)
	at com.alibaba.dubbo.rpc.proxy.javassist.JavassistProxyFactory$1.doInvoke(JavassistProxyFactory.java:46)
	at com.alibaba.dubbo.rpc.proxy.AbstractProxyInvoker.invoke(AbstractProxyInvoker.java:72)
	at com.alibaba.dubbo.rpc.protocol.InvokerWrapper.invoke(InvokerWrapper.java:53)
	at com.alibaba.dubbo.rpc.filter.ExceptionFilter.invoke(ExceptionFilter.java:64)
	at com.alibaba.dubbo.rpc.protocol.ProtocolFilterWrapper$1.invoke(ProtocolFilterWrapper.java:91)
	at com.alibaba.dubbo.monitor.support.MonitorFilter.invoke(MonitorFilter.java:75)
	at com.alibaba.dubbo.rpc.protocol.ProtocolFilterWrapper$1.invoke(ProtocolFilterWrapper.java:91)
	at com.alibaba.dubbo.rpc.filter.TimeoutFilter.invoke(TimeoutFilter.java:42)
	at com.alibaba.dubbo.rpc.protocol.ProtocolFilterWrapper$1.invoke(ProtocolFilterWrapper.java:91)
	at com.alibaba.dubbo.rpc.protocol.dubbo.filter.TraceFilter.invoke(TraceFilter.java:78)
	at com.alibaba.dubbo.rpc.protocol.ProtocolFilterWrapper$1.invoke(ProtocolFilterWrapper.java:91)
	at com.alibaba.dubbo.rpc.filter.ContextFilter.invoke(ContextFilter.java:60)
	at com.alibaba.dubbo.rpc.protocol.ProtocolFilterWrapper$1.invoke(ProtocolFilterWrapper.java:91)
	at com.alibaba.dubbo.rpc.filter.GenericFilter.invoke(GenericFilter.java:112)
	at com.alibaba.dubbo.rpc.protocol.ProtocolFilterWrapper$1.invoke(ProtocolFilterWrapper.java:91)
	at com.alibaba.dubbo.rpc.filter.ClassLoaderFilter.invoke(ClassLoaderFilter.java:38)
	at com.alibaba.dubbo.rpc.protocol.ProtocolFilterWrapper$1.invoke(ProtocolFilterWrapper.java:91)
	at com.alibaba.dubbo.rpc.filter.EchoFilter.invoke(EchoFilter.java:38)
	at com.alibaba.dubbo.rpc.protocol.ProtocolFilterWrapper$1.invoke(ProtocolFilterWrapper.java:91)
	at com.alibaba.dubbo.rpc.protocol.dubbo.DubboProtocol$1.reply(DubboProtocol.java:108)
	at com.alibaba.dubbo.remoting.exchange.support.header.HeaderExchangeHandler.handleRequest(HeaderExchangeHandler.java:84)
	at com.alibaba.dubbo.remoting.exchange.support.header.HeaderExchangeHandler.received(HeaderExchangeHandler.java:170)
	at com.alibaba.dubbo.remoting.transport.DecodeHandler.received(DecodeHandler.java:52)
	at com.alibaba.dubbo.remoting.transport.dispatcher.ChannelEventRunnable.run(ChannelEventRunnable.java:82)
	at java.util.concurrent.ThreadPoolExecutor.runWorker(ThreadPoolExecutor.java:1149)
	at java.util.concurrent.ThreadPoolExecutor$Worker.run(ThreadPoolExecutor.java:624)
	at java.lang.Thread.run(Thread.java:748)
2018-11-23 11:21:02 [ ERROR ] [ RedisUtil.java :113(getJedis)] Get jedis error : redis.clients.jedis.exceptions.JedisConnectionException: Could not get a resource from the pool
2018-11-23 11:21:03 [ ERROR ] [ ExceptionFilter.java :87(invoke)]  [DUBBO] Got unchecked and undeclared exception which called by 192.168.1.149. service: com.hrym.api.auth.ResourceItemLessonService, method: search, exception: org.elasticsearch.client.transport.NoNodeAvailableException: None of the configured nodes are available: [{#transport#-1}{Dgo5KHeuQe27ea53WAttNg}{192.168.1.210}{192.168.1.210:9300}], dubbo version: 2.5.3, current host: 127.0.0.1
NoNodeAvailableException[None of the configured nodes are available: [{#transport#-1}{Dgo5KHeuQe27ea53WAttNg}{192.168.1.210}{192.168.1.210:9300}]]
	at org.elasticsearch.client.transport.TransportClientNodesService.ensureNodesAreAvailable(TransportClientNodesService.java:314)
	at org.elasticsearch.client.transport.TransportClientNodesService.execute(TransportClientNodesService.java:228)
	at org.elasticsearch.client.transport.support.TransportProxyClient.execute(TransportProxyClient.java:63)
	at org.elasticsearch.client.transport.TransportClient.doExecute(TransportClient.java:326)
	at org.elasticsearch.client.support.AbstractClient.execute(AbstractClient.java:403)
	at org.elasticsearch.action.ActionRequestBuilder.execute(ActionRequestBuilder.java:80)
	at org.elasticsearch.action.ActionRequestBuilder.execute(ActionRequestBuilder.java:54)
	at com.hrym.rpc.auth.ResourceItemLessonServiceImpl.esSearch(ResourceItemLessonServiceImpl.java:541)
	at com.hrym.rpc.auth.ResourceItemLessonServiceImpl.search(ResourceItemLessonServiceImpl.java:174)
	at sun.reflect.NativeMethodAccessorImpl.invoke0(Native Method)
	at sun.reflect.NativeMethodAccessorImpl.invoke(NativeMethodAccessorImpl.java:62)
	at sun.reflect.DelegatingMethodAccessorImpl.invoke(DelegatingMethodAccessorImpl.java:43)
	at java.lang.reflect.Method.invoke(Method.java:498)
	at org.springframework.aop.support.AopUtils.invokeJoinpointUsingReflection(AopUtils.java:333)
	at org.springframework.aop.framework.JdkDynamicAopProxy.invoke(JdkDynamicAopProxy.java:207)
	at com.sun.proxy.$Proxy101.search(Unknown Source)
	at com.alibaba.dubbo.common.bytecode.Wrapper30.invokeMethod(Wrapper30.java)
	at com.alibaba.dubbo.rpc.proxy.javassist.JavassistProxyFactory$1.doInvoke(JavassistProxyFactory.java:46)
	at com.alibaba.dubbo.rpc.proxy.AbstractProxyInvoker.invoke(AbstractProxyInvoker.java:72)
	at com.alibaba.dubbo.rpc.protocol.InvokerWrapper.invoke(InvokerWrapper.java:53)
	at com.alibaba.dubbo.rpc.filter.ExceptionFilter.invoke(ExceptionFilter.java:64)
	at com.alibaba.dubbo.rpc.protocol.ProtocolFilterWrapper$1.invoke(ProtocolFilterWrapper.java:91)
	at com.alibaba.dubbo.monitor.support.MonitorFilter.invoke(MonitorFilter.java:75)
	at com.alibaba.dubbo.rpc.protocol.ProtocolFilterWrapper$1.invoke(ProtocolFilterWrapper.java:91)
	at com.alibaba.dubbo.rpc.filter.TimeoutFilter.invoke(TimeoutFilter.java:42)
	at com.alibaba.dubbo.rpc.protocol.ProtocolFilterWrapper$1.invoke(ProtocolFilterWrapper.java:91)
	at com.alibaba.dubbo.rpc.protocol.dubbo.filter.TraceFilter.invoke(TraceFilter.java:78)
	at com.alibaba.dubbo.rpc.protocol.ProtocolFilterWrapper$1.invoke(ProtocolFilterWrapper.java:91)
	at com.alibaba.dubbo.rpc.filter.ContextFilter.invoke(ContextFilter.java:60)
	at com.alibaba.dubbo.rpc.protocol.ProtocolFilterWrapper$1.invoke(ProtocolFilterWrapper.java:91)
	at com.alibaba.dubbo.rpc.filter.GenericFilter.invoke(GenericFilter.java:112)
	at com.alibaba.dubbo.rpc.protocol.ProtocolFilterWrapper$1.invoke(ProtocolFilterWrapper.java:91)
	at com.alibaba.dubbo.rpc.filter.ClassLoaderFilter.invoke(ClassLoaderFilter.java:38)
	at com.alibaba.dubbo.rpc.protocol.ProtocolFilterWrapper$1.invoke(ProtocolFilterWrapper.java:91)
	at com.alibaba.dubbo.rpc.filter.EchoFilter.invoke(EchoFilter.java:38)
	at com.alibaba.dubbo.rpc.protocol.ProtocolFilterWrapper$1.invoke(ProtocolFilterWrapper.java:91)
	at com.alibaba.dubbo.rpc.protocol.dubbo.DubboProtocol$1.reply(DubboProtocol.java:108)
	at com.alibaba.dubbo.remoting.exchange.support.header.HeaderExchangeHandler.handleRequest(HeaderExchangeHandler.java:84)
	at com.alibaba.dubbo.remoting.exchange.support.header.HeaderExchangeHandler.received(HeaderExchangeHandler.java:170)
	at com.alibaba.dubbo.remoting.transport.DecodeHandler.received(DecodeHandler.java:52)
	at com.alibaba.dubbo.remoting.transport.dispatcher.ChannelEventRunnable.run(ChannelEventRunnable.java:82)
	at java.util.concurrent.ThreadPoolExecutor.runWorker(ThreadPoolExecutor.java:1149)
	at java.util.concurrent.ThreadPoolExecutor$Worker.run(ThreadPoolExecutor.java:624)
	at java.lang.Thread.run(Thread.java:748)
2018-11-23 11:21:10 [ ERROR ] [ RedisUtil.java :113(getJedis)] Get jedis error : redis.clients.jedis.exceptions.JedisConnectionException: Could not get a resource from the pool
2018-11-23 11:21:11 [ ERROR ] [ ExceptionFilter.java :87(invoke)]  [DUBBO] Got unchecked and undeclared exception which called by 192.168.1.149. service: com.hrym.api.auth.ResourceItemLessonService, method: search, exception: org.elasticsearch.client.transport.NoNodeAvailableException: None of the configured nodes are available: [{#transport#-1}{Dgo5KHeuQe27ea53WAttNg}{192.168.1.210}{192.168.1.210:9300}], dubbo version: 2.5.3, current host: 127.0.0.1
NoNodeAvailableException[None of the configured nodes are available: [{#transport#-1}{Dgo5KHeuQe27ea53WAttNg}{192.168.1.210}{192.168.1.210:9300}]]
	at org.elasticsearch.client.transport.TransportClientNodesService.ensureNodesAreAvailable(TransportClientNodesService.java:314)
	at org.elasticsearch.client.transport.TransportClientNodesService.execute(TransportClientNodesService.java:228)
	at org.elasticsearch.client.transport.support.TransportProxyClient.execute(TransportProxyClient.java:63)
	at org.elasticsearch.client.transport.TransportClient.doExecute(TransportClient.java:326)
	at org.elasticsearch.client.support.AbstractClient.execute(AbstractClient.java:403)
	at org.elasticsearch.action.ActionRequestBuilder.execute(ActionRequestBuilder.java:80)
	at org.elasticsearch.action.ActionRequestBuilder.execute(ActionRequestBuilder.java:54)
	at com.hrym.rpc.auth.ResourceItemLessonServiceImpl.esSearch(ResourceItemLessonServiceImpl.java:541)
	at com.hrym.rpc.auth.ResourceItemLessonServiceImpl.search(ResourceItemLessonServiceImpl.java:174)
	at sun.reflect.NativeMethodAccessorImpl.invoke0(Native Method)
	at sun.reflect.NativeMethodAccessorImpl.invoke(NativeMethodAccessorImpl.java:62)
	at sun.reflect.DelegatingMethodAccessorImpl.invoke(DelegatingMethodAccessorImpl.java:43)
	at java.lang.reflect.Method.invoke(Method.java:498)
	at org.springframework.aop.support.AopUtils.invokeJoinpointUsingReflection(AopUtils.java:333)
	at org.springframework.aop.framework.JdkDynamicAopProxy.invoke(JdkDynamicAopProxy.java:207)
	at com.sun.proxy.$Proxy101.search(Unknown Source)
	at com.alibaba.dubbo.common.bytecode.Wrapper30.invokeMethod(Wrapper30.java)
	at com.alibaba.dubbo.rpc.proxy.javassist.JavassistProxyFactory$1.doInvoke(JavassistProxyFactory.java:46)
	at com.alibaba.dubbo.rpc.proxy.AbstractProxyInvoker.invoke(AbstractProxyInvoker.java:72)
	at com.alibaba.dubbo.rpc.protocol.InvokerWrapper.invoke(InvokerWrapper.java:53)
	at com.alibaba.dubbo.rpc.filter.ExceptionFilter.invoke(ExceptionFilter.java:64)
	at com.alibaba.dubbo.rpc.protocol.ProtocolFilterWrapper$1.invoke(ProtocolFilterWrapper.java:91)
	at com.alibaba.dubbo.monitor.support.MonitorFilter.invoke(MonitorFilter.java:75)
	at com.alibaba.dubbo.rpc.protocol.ProtocolFilterWrapper$1.invoke(ProtocolFilterWrapper.java:91)
	at com.alibaba.dubbo.rpc.filter.TimeoutFilter.invoke(TimeoutFilter.java:42)
	at com.alibaba.dubbo.rpc.protocol.ProtocolFilterWrapper$1.invoke(ProtocolFilterWrapper.java:91)
	at com.alibaba.dubbo.rpc.protocol.dubbo.filter.TraceFilter.invoke(TraceFilter.java:78)
	at com.alibaba.dubbo.rpc.protocol.ProtocolFilterWrapper$1.invoke(ProtocolFilterWrapper.java:91)
	at com.alibaba.dubbo.rpc.filter.ContextFilter.invoke(ContextFilter.java:60)
	at com.alibaba.dubbo.rpc.protocol.ProtocolFilterWrapper$1.invoke(ProtocolFilterWrapper.java:91)
	at com.alibaba.dubbo.rpc.filter.GenericFilter.invoke(GenericFilter.java:112)
	at com.alibaba.dubbo.rpc.protocol.ProtocolFilterWrapper$1.invoke(ProtocolFilterWrapper.java:91)
	at com.alibaba.dubbo.rpc.filter.ClassLoaderFilter.invoke(ClassLoaderFilter.java:38)
	at com.alibaba.dubbo.rpc.protocol.ProtocolFilterWrapper$1.invoke(ProtocolFilterWrapper.java:91)
	at com.alibaba.dubbo.rpc.filter.EchoFilter.invoke(EchoFilter.java:38)
	at com.alibaba.dubbo.rpc.protocol.ProtocolFilterWrapper$1.invoke(ProtocolFilterWrapper.java:91)
	at com.alibaba.dubbo.rpc.protocol.dubbo.DubboProtocol$1.reply(DubboProtocol.java:108)
	at com.alibaba.dubbo.remoting.exchange.support.header.HeaderExchangeHandler.handleRequest(HeaderExchangeHandler.java:84)
	at com.alibaba.dubbo.remoting.exchange.support.header.HeaderExchangeHandler.received(HeaderExchangeHandler.java:170)
	at com.alibaba.dubbo.remoting.transport.DecodeHandler.received(DecodeHandler.java:52)
	at com.alibaba.dubbo.remoting.transport.dispatcher.ChannelEventRunnable.run(ChannelEventRunnable.java:82)
	at java.util.concurrent.ThreadPoolExecutor.runWorker(ThreadPoolExecutor.java:1149)
	at java.util.concurrent.ThreadPoolExecutor$Worker.run(ThreadPoolExecutor.java:624)
	at java.lang.Thread.run(Thread.java:748)
2018-11-23 11:21:40 [ ERROR ] [ RedisUtil.java :113(getJedis)] Get jedis error : redis.clients.jedis.exceptions.JedisConnectionException: Could not get a resource from the pool
2018-11-23 11:21:42 [ ERROR ] [ ExceptionFilter.java :87(invoke)]  [DUBBO] Got unchecked and undeclared exception which called by 192.168.1.149. service: com.hrym.api.auth.ResourceItemLessonService, method: search, exception: org.elasticsearch.client.transport.NoNodeAvailableException: None of the configured nodes are available: [{#transport#-1}{Dgo5KHeuQe27ea53WAttNg}{192.168.1.210}{192.168.1.210:9300}], dubbo version: 2.5.3, current host: 127.0.0.1
NoNodeAvailableException[None of the configured nodes are available: [{#transport#-1}{Dgo5KHeuQe27ea53WAttNg}{192.168.1.210}{192.168.1.210:9300}]]
	at org.elasticsearch.client.transport.TransportClientNodesService.ensureNodesAreAvailable(TransportClientNodesService.java:314)
	at org.elasticsearch.client.transport.TransportClientNodesService.execute(TransportClientNodesService.java:228)
	at org.elasticsearch.client.transport.support.TransportProxyClient.execute(TransportProxyClient.java:63)
	at org.elasticsearch.client.transport.TransportClient.doExecute(TransportClient.java:326)
	at org.elasticsearch.client.support.AbstractClient.execute(AbstractClient.java:403)
	at org.elasticsearch.action.ActionRequestBuilder.execute(ActionRequestBuilder.java:80)
	at org.elasticsearch.action.ActionRequestBuilder.execute(ActionRequestBuilder.java:54)
	at com.hrym.rpc.auth.ResourceItemLessonServiceImpl.esSearch(ResourceItemLessonServiceImpl.java:541)
	at com.hrym.rpc.auth.ResourceItemLessonServiceImpl.search(ResourceItemLessonServiceImpl.java:174)
	at sun.reflect.NativeMethodAccessorImpl.invoke0(Native Method)
	at sun.reflect.NativeMethodAccessorImpl.invoke(NativeMethodAccessorImpl.java:62)
	at sun.reflect.DelegatingMethodAccessorImpl.invoke(DelegatingMethodAccessorImpl.java:43)
	at java.lang.reflect.Method.invoke(Method.java:498)
	at org.springframework.aop.support.AopUtils.invokeJoinpointUsingReflection(AopUtils.java:333)
	at org.springframework.aop.framework.JdkDynamicAopProxy.invoke(JdkDynamicAopProxy.java:207)
	at com.sun.proxy.$Proxy101.search(Unknown Source)
	at com.alibaba.dubbo.common.bytecode.Wrapper30.invokeMethod(Wrapper30.java)
	at com.alibaba.dubbo.rpc.proxy.javassist.JavassistProxyFactory$1.doInvoke(JavassistProxyFactory.java:46)
	at com.alibaba.dubbo.rpc.proxy.AbstractProxyInvoker.invoke(AbstractProxyInvoker.java:72)
	at com.alibaba.dubbo.rpc.protocol.InvokerWrapper.invoke(InvokerWrapper.java:53)
	at com.alibaba.dubbo.rpc.filter.ExceptionFilter.invoke(ExceptionFilter.java:64)
	at com.alibaba.dubbo.rpc.protocol.ProtocolFilterWrapper$1.invoke(ProtocolFilterWrapper.java:91)
	at com.alibaba.dubbo.monitor.support.MonitorFilter.invoke(MonitorFilter.java:75)
	at com.alibaba.dubbo.rpc.protocol.ProtocolFilterWrapper$1.invoke(ProtocolFilterWrapper.java:91)
	at com.alibaba.dubbo.rpc.filter.TimeoutFilter.invoke(TimeoutFilter.java:42)
	at com.alibaba.dubbo.rpc.protocol.ProtocolFilterWrapper$1.invoke(ProtocolFilterWrapper.java:91)
	at com.alibaba.dubbo.rpc.protocol.dubbo.filter.TraceFilter.invoke(TraceFilter.java:78)
	at com.alibaba.dubbo.rpc.protocol.ProtocolFilterWrapper$1.invoke(ProtocolFilterWrapper.java:91)
	at com.alibaba.dubbo.rpc.filter.ContextFilter.invoke(ContextFilter.java:60)
	at com.alibaba.dubbo.rpc.protocol.ProtocolFilterWrapper$1.invoke(ProtocolFilterWrapper.java:91)
	at com.alibaba.dubbo.rpc.filter.GenericFilter.invoke(GenericFilter.java:112)
	at com.alibaba.dubbo.rpc.protocol.ProtocolFilterWrapper$1.invoke(ProtocolFilterWrapper.java:91)
	at com.alibaba.dubbo.rpc.filter.ClassLoaderFilter.invoke(ClassLoaderFilter.java:38)
	at com.alibaba.dubbo.rpc.protocol.ProtocolFilterWrapper$1.invoke(ProtocolFilterWrapper.java:91)
	at com.alibaba.dubbo.rpc.filter.EchoFilter.invoke(EchoFilter.java:38)
	at com.alibaba.dubbo.rpc.protocol.ProtocolFilterWrapper$1.invoke(ProtocolFilterWrapper.java:91)
	at com.alibaba.dubbo.rpc.protocol.dubbo.DubboProtocol$1.reply(DubboProtocol.java:108)
	at com.alibaba.dubbo.remoting.exchange.support.header.HeaderExchangeHandler.handleRequest(HeaderExchangeHandler.java:84)
	at com.alibaba.dubbo.remoting.exchange.support.header.HeaderExchangeHandler.received(HeaderExchangeHandler.java:170)
	at com.alibaba.dubbo.remoting.transport.DecodeHandler.received(DecodeHandler.java:52)
	at com.alibaba.dubbo.remoting.transport.dispatcher.ChannelEventRunnable.run(ChannelEventRunnable.java:82)
	at java.util.concurrent.ThreadPoolExecutor.runWorker(ThreadPoolExecutor.java:1149)
	at java.util.concurrent.ThreadPoolExecutor$Worker.run(ThreadPoolExecutor.java:624)
	at java.lang.Thread.run(Thread.java:748)
