2018-10-09 10:03:52 [ INFO ] [ ?.java :?(?)]  using logger: com.alibaba.dubbo.common.logger.log4j.Log4jLoggerAdapter
2018-10-09 10:03:59 [ INFO ] [ DruidDataSource.java :669(init)]  {dataSource-1} inited
2018-10-09 10:03:59 [ INFO ] [ DruidDataSource.java :669(init)]  {dataSource-2} inited
2018-10-09 10:03:59 [ WARN ] [ ConfigurationFactory.java :136(parseConfiguration)]  No configuration found. Configuring ehcache from ehcache-failsafe.xml  found in the classpath: jar:file:/Users/hrym13/.m2/repository/net/sf/ehcache/ehcache/2.10.0/ehcache-2.10.0.jar!/ehcache-failsafe.xml
2018-10-09 10:04:03 [ ERROR ] [ BaseController.java :32(exceptionHandler)]  统一异常处理 start：
java.lang.NullPointerException
	at com.hrym.auth.controller.AttractUserActivityController.activityMainPage(AttractUserActivityController.java:46)
	at sun.reflect.NativeMethodAccessorImpl.invoke0(Native Method)
	at sun.reflect.NativeMethodAccessorImpl.invoke(NativeMethodAccessorImpl.java:62)
	at sun.reflect.DelegatingMethodAccessorImpl.invoke(DelegatingMethodAccessorImpl.java:43)
	at java.lang.reflect.Method.invoke(Method.java:498)
	at org.springframework.web.method.support.InvocableHandlerMethod.doInvoke(InvocableHandlerMethod.java:205)
	at org.springframework.web.method.support.InvocableHandlerMethod.invokeForRequest(InvocableHandlerMethod.java:133)
	at org.springframework.web.servlet.mvc.method.annotation.ServletInvocableHandlerMethod.invokeAndHandle(ServletInvocableHandlerMethod.java:116)
	at org.springframework.web.servlet.mvc.method.annotation.RequestMappingHandlerAdapter.invokeHandlerMethod(RequestMappingHandlerAdapter.java:827)
	at org.springframework.web.servlet.mvc.method.annotation.RequestMappingHandlerAdapter.handleInternal(RequestMappingHandlerAdapter.java:738)
	at org.springframework.web.servlet.mvc.method.AbstractHandlerMethodAdapter.handle(AbstractHandlerMethodAdapter.java:85)
	at org.springframework.web.servlet.DispatcherServlet.doDispatch(DispatcherServlet.java:963)
	at org.springframework.web.servlet.DispatcherServlet.doService(DispatcherServlet.java:897)
	at org.springframework.web.servlet.FrameworkServlet.processRequest(FrameworkServlet.java:970)
	at org.springframework.web.servlet.FrameworkServlet.doPost(FrameworkServlet.java:872)
	at javax.servlet.http.HttpServlet.service(HttpServlet.java:727)
	at org.springframework.web.servlet.FrameworkServlet.service(FrameworkServlet.java:846)
	at org.springframework.test.web.servlet.TestDispatcherServlet.service(TestDispatcherServlet.java:65)
	at javax.servlet.http.HttpServlet.service(HttpServlet.java:820)
	at org.springframework.mock.web.MockFilterChain$ServletFilterProxy.doFilter(MockFilterChain.java:167)
	at org.springframework.mock.web.MockFilterChain.doFilter(MockFilterChain.java:134)
	at org.springframework.test.web.servlet.MockMvc.perform(MockMvc.java:155)
	at com.hrym.auth.controller.ControllerTest.sharePage(ControllerTest.java:47)
	at sun.reflect.NativeMethodAccessorImpl.invoke0(Native Method)
	at sun.reflect.NativeMethodAccessorImpl.invoke(NativeMethodAccessorImpl.java:62)
	at sun.reflect.DelegatingMethodAccessorImpl.invoke(DelegatingMethodAccessorImpl.java:43)
	at java.lang.reflect.Method.invoke(Method.java:498)
	at org.junit.runners.model.FrameworkMethod$1.runReflectiveCall(FrameworkMethod.java:50)
	at org.junit.internal.runners.model.ReflectiveCallable.run(ReflectiveCallable.java:12)
	at org.junit.runners.model.FrameworkMethod.invokeExplosively(FrameworkMethod.java:47)
	at org.junit.internal.runners.statements.InvokeMethod.evaluate(InvokeMethod.java:17)
	at org.junit.internal.runners.statements.RunBefores.evaluate(RunBefores.java:26)
	at org.springframework.test.context.junit4.statements.RunBeforeTestMethodCallbacks.evaluate(RunBeforeTestMethodCallbacks.java:75)
	at org.junit.internal.runners.statements.RunAfters.evaluate(RunAfters.java:27)
	at org.springframework.test.context.junit4.statements.RunAfterTestMethodCallbacks.evaluate(RunAfterTestMethodCallbacks.java:86)
	at org.springframework.test.context.junit4.statements.SpringRepeat.evaluate(SpringRepeat.java:84)
	at org.junit.runners.ParentRunner.runLeaf(ParentRunner.java:325)
	at org.springframework.test.context.junit4.SpringJUnit4ClassRunner.runChild(SpringJUnit4ClassRunner.java:252)
	at org.springframework.test.context.junit4.SpringJUnit4ClassRunner.runChild(SpringJUnit4ClassRunner.java:94)
	at org.junit.runners.ParentRunner$3.run(ParentRunner.java:290)
	at org.junit.runners.ParentRunner$1.schedule(ParentRunner.java:71)
	at org.junit.runners.ParentRunner.runChildren(ParentRunner.java:288)
	at org.junit.runners.ParentRunner.access$000(ParentRunner.java:58)
	at org.junit.runners.ParentRunner$2.evaluate(ParentRunner.java:268)
	at org.springframework.test.context.junit4.statements.RunBeforeTestClassCallbacks.evaluate(RunBeforeTestClassCallbacks.java:61)
	at org.springframework.test.context.junit4.statements.RunAfterTestClassCallbacks.evaluate(RunAfterTestClassCallbacks.java:70)
	at org.junit.runners.ParentRunner.run(ParentRunner.java:363)
	at org.springframework.test.context.junit4.SpringJUnit4ClassRunner.run(SpringJUnit4ClassRunner.java:191)
	at org.junit.runner.JUnitCore.run(JUnitCore.java:137)
	at com.intellij.junit4.JUnit4IdeaTestRunner.startRunnerWithArgs(JUnit4IdeaTestRunner.java:68)
	at com.intellij.rt.execution.junit.IdeaTestRunner$Repeater.startRunnerWithArgs(IdeaTestRunner.java:51)
	at com.intellij.rt.execution.junit.JUnitStarter.prepareStreamsAndStart(JUnitStarter.java:242)
	at com.intellij.rt.execution.junit.JUnitStarter.main(JUnitStarter.java:70)
2018-10-09 10:04:03 [ ERROR ] [ BaseController.java :37(exceptionHandler)]  统一异常处理 end：
java.lang.NullPointerException
	at com.hrym.auth.controller.AttractUserActivityController.activityMainPage(AttractUserActivityController.java:46)
	at sun.reflect.NativeMethodAccessorImpl.invoke0(Native Method)
	at sun.reflect.NativeMethodAccessorImpl.invoke(NativeMethodAccessorImpl.java:62)
	at sun.reflect.DelegatingMethodAccessorImpl.invoke(DelegatingMethodAccessorImpl.java:43)
	at java.lang.reflect.Method.invoke(Method.java:498)
	at org.springframework.web.method.support.InvocableHandlerMethod.doInvoke(InvocableHandlerMethod.java:205)
	at org.springframework.web.method.support.InvocableHandlerMethod.invokeForRequest(InvocableHandlerMethod.java:133)
	at org.springframework.web.servlet.mvc.method.annotation.ServletInvocableHandlerMethod.invokeAndHandle(ServletInvocableHandlerMethod.java:116)
	at org.springframework.web.servlet.mvc.method.annotation.RequestMappingHandlerAdapter.invokeHandlerMethod(RequestMappingHandlerAdapter.java:827)
	at org.springframework.web.servlet.mvc.method.annotation.RequestMappingHandlerAdapter.handleInternal(RequestMappingHandlerAdapter.java:738)
	at org.springframework.web.servlet.mvc.method.AbstractHandlerMethodAdapter.handle(AbstractHandlerMethodAdapter.java:85)
	at org.springframework.web.servlet.DispatcherServlet.doDispatch(DispatcherServlet.java:963)
	at org.springframework.web.servlet.DispatcherServlet.doService(DispatcherServlet.java:897)
	at org.springframework.web.servlet.FrameworkServlet.processRequest(FrameworkServlet.java:970)
	at org.springframework.web.servlet.FrameworkServlet.doPost(FrameworkServlet.java:872)
	at javax.servlet.http.HttpServlet.service(HttpServlet.java:727)
	at org.springframework.web.servlet.FrameworkServlet.service(FrameworkServlet.java:846)
	at org.springframework.test.web.servlet.TestDispatcherServlet.service(TestDispatcherServlet.java:65)
	at javax.servlet.http.HttpServlet.service(HttpServlet.java:820)
	at org.springframework.mock.web.MockFilterChain$ServletFilterProxy.doFilter(MockFilterChain.java:167)
	at org.springframework.mock.web.MockFilterChain.doFilter(MockFilterChain.java:134)
	at org.springframework.test.web.servlet.MockMvc.perform(MockMvc.java:155)
	at com.hrym.auth.controller.ControllerTest.sharePage(ControllerTest.java:47)
	at sun.reflect.NativeMethodAccessorImpl.invoke0(Native Method)
	at sun.reflect.NativeMethodAccessorImpl.invoke(NativeMethodAccessorImpl.java:62)
	at sun.reflect.DelegatingMethodAccessorImpl.invoke(DelegatingMethodAccessorImpl.java:43)
	at java.lang.reflect.Method.invoke(Method.java:498)
	at org.junit.runners.model.FrameworkMethod$1.runReflectiveCall(FrameworkMethod.java:50)
	at org.junit.internal.runners.model.ReflectiveCallable.run(ReflectiveCallable.java:12)
	at org.junit.runners.model.FrameworkMethod.invokeExplosively(FrameworkMethod.java:47)
	at org.junit.internal.runners.statements.InvokeMethod.evaluate(InvokeMethod.java:17)
	at org.junit.internal.runners.statements.RunBefores.evaluate(RunBefores.java:26)
	at org.springframework.test.context.junit4.statements.RunBeforeTestMethodCallbacks.evaluate(RunBeforeTestMethodCallbacks.java:75)
	at org.junit.internal.runners.statements.RunAfters.evaluate(RunAfters.java:27)
	at org.springframework.test.context.junit4.statements.RunAfterTestMethodCallbacks.evaluate(RunAfterTestMethodCallbacks.java:86)
	at org.springframework.test.context.junit4.statements.SpringRepeat.evaluate(SpringRepeat.java:84)
	at org.junit.runners.ParentRunner.runLeaf(ParentRunner.java:325)
	at org.springframework.test.context.junit4.SpringJUnit4ClassRunner.runChild(SpringJUnit4ClassRunner.java:252)
	at org.springframework.test.context.junit4.SpringJUnit4ClassRunner.runChild(SpringJUnit4ClassRunner.java:94)
	at org.junit.runners.ParentRunner$3.run(ParentRunner.java:290)
	at org.junit.runners.ParentRunner$1.schedule(ParentRunner.java:71)
	at org.junit.runners.ParentRunner.runChildren(ParentRunner.java:288)
	at org.junit.runners.ParentRunner.access$000(ParentRunner.java:58)
	at org.junit.runners.ParentRunner$2.evaluate(ParentRunner.java:268)
	at org.springframework.test.context.junit4.statements.RunBeforeTestClassCallbacks.evaluate(RunBeforeTestClassCallbacks.java:61)
	at org.springframework.test.context.junit4.statements.RunAfterTestClassCallbacks.evaluate(RunAfterTestClassCallbacks.java:70)
	at org.junit.runners.ParentRunner.run(ParentRunner.java:363)
	at org.springframework.test.context.junit4.SpringJUnit4ClassRunner.run(SpringJUnit4ClassRunner.java:191)
	at org.junit.runner.JUnitCore.run(JUnitCore.java:137)
	at com.intellij.junit4.JUnit4IdeaTestRunner.startRunnerWithArgs(JUnit4IdeaTestRunner.java:68)
	at com.intellij.rt.execution.junit.IdeaTestRunner$Repeater.startRunnerWithArgs(IdeaTestRunner.java:51)
	at com.intellij.rt.execution.junit.JUnitStarter.prepareStreamsAndStart(JUnitStarter.java:242)
	at com.intellij.rt.execution.junit.JUnitStarter.main(JUnitStarter.java:70)
2018-10-09 10:04:03 [ INFO ] [ AbstractConfig$1.java :450(run)]   [DUBBO] Run shutdown hook now., dubbo version: 2.5.3, current host: 127.0.0.1
2018-10-09 10:04:03 [ INFO ] [ AbstractRegistryFactory.java :63(destroyAll)]   [DUBBO] Close all registries [], dubbo version: 2.5.3, current host: 127.0.0.1
2018-10-09 10:04:03 [ INFO ] [ DruidDataSource.java :1385(close)]  {dataSource-2} closed
2018-10-09 10:04:03 [ INFO ] [ DruidDataSource.java :1385(close)]  {dataSource-1} closed
2018-10-09 10:09:38 [ INFO ] [ ?.java :?(?)]  using logger: com.alibaba.dubbo.common.logger.log4j.Log4jLoggerAdapter
2018-10-09 10:09:42 [ INFO ] [ DruidDataSource.java :669(init)]  {dataSource-1} inited
2018-10-09 10:09:43 [ INFO ] [ DruidDataSource.java :669(init)]  {dataSource-2} inited
2018-10-09 10:09:43 [ WARN ] [ ConfigurationFactory.java :136(parseConfiguration)]  No configuration found. Configuring ehcache from ehcache-failsafe.xml  found in the classpath: jar:file:/Users/hrym13/.m2/repository/net/sf/ehcache/ehcache/2.10.0/ehcache-2.10.0.jar!/ehcache-failsafe.xml
2018-10-09 10:09:47 [ INFO ] [ AbstractConfig$1.java :450(run)]   [DUBBO] Run shutdown hook now., dubbo version: 2.5.3, current host: 127.0.0.1
2018-10-09 10:09:47 [ INFO ] [ AbstractRegistryFactory.java :63(destroyAll)]   [DUBBO] Close all registries [], dubbo version: 2.5.3, current host: 127.0.0.1
2018-10-09 10:09:47 [ INFO ] [ DruidDataSource.java :1385(close)]  {dataSource-2} closed
2018-10-09 10:09:47 [ INFO ] [ DruidDataSource.java :1385(close)]  {dataSource-1} closed
2018-10-09 10:09:59 [ INFO ] [ ?.java :?(?)]  using logger: com.alibaba.dubbo.common.logger.log4j.Log4jLoggerAdapter
2018-10-09 10:10:04 [ INFO ] [ DruidDataSource.java :669(init)]  {dataSource-1} inited
2018-10-09 10:10:04 [ INFO ] [ DruidDataSource.java :669(init)]  {dataSource-2} inited
2018-10-09 10:10:05 [ WARN ] [ ConfigurationFactory.java :136(parseConfiguration)]  No configuration found. Configuring ehcache from ehcache-failsafe.xml  found in the classpath: jar:file:/Users/hrym13/.m2/repository/net/sf/ehcache/ehcache/2.10.0/ehcache-2.10.0.jar!/ehcache-failsafe.xml
2018-10-09 10:10:09 [ ERROR ] [ BaseController.java :32(exceptionHandler)]  统一异常处理 start：
java.lang.NullPointerException
	at com.hrym.auth.controller.AttractUserActivityController.activityMainPage(AttractUserActivityController.java:46)
	at sun.reflect.NativeMethodAccessorImpl.invoke0(Native Method)
	at sun.reflect.NativeMethodAccessorImpl.invoke(NativeMethodAccessorImpl.java:62)
	at sun.reflect.DelegatingMethodAccessorImpl.invoke(DelegatingMethodAccessorImpl.java:43)
	at java.lang.reflect.Method.invoke(Method.java:498)
	at org.springframework.web.method.support.InvocableHandlerMethod.doInvoke(InvocableHandlerMethod.java:205)
	at org.springframework.web.method.support.InvocableHandlerMethod.invokeForRequest(InvocableHandlerMethod.java:133)
	at org.springframework.web.servlet.mvc.method.annotation.ServletInvocableHandlerMethod.invokeAndHandle(ServletInvocableHandlerMethod.java:116)
	at org.springframework.web.servlet.mvc.method.annotation.RequestMappingHandlerAdapter.invokeHandlerMethod(RequestMappingHandlerAdapter.java:827)
	at org.springframework.web.servlet.mvc.method.annotation.RequestMappingHandlerAdapter.handleInternal(RequestMappingHandlerAdapter.java:738)
	at org.springframework.web.servlet.mvc.method.AbstractHandlerMethodAdapter.handle(AbstractHandlerMethodAdapter.java:85)
	at org.springframework.web.servlet.DispatcherServlet.doDispatch(DispatcherServlet.java:963)
	at org.springframework.web.servlet.DispatcherServlet.doService(DispatcherServlet.java:897)
	at org.springframework.web.servlet.FrameworkServlet.processRequest(FrameworkServlet.java:970)
	at org.springframework.web.servlet.FrameworkServlet.doPost(FrameworkServlet.java:872)
	at javax.servlet.http.HttpServlet.service(HttpServlet.java:727)
	at org.springframework.web.servlet.FrameworkServlet.service(FrameworkServlet.java:846)
	at org.springframework.test.web.servlet.TestDispatcherServlet.service(TestDispatcherServlet.java:65)
	at javax.servlet.http.HttpServlet.service(HttpServlet.java:820)
	at org.springframework.mock.web.MockFilterChain$ServletFilterProxy.doFilter(MockFilterChain.java:167)
	at org.springframework.mock.web.MockFilterChain.doFilter(MockFilterChain.java:134)
	at org.springframework.test.web.servlet.MockMvc.perform(MockMvc.java:155)
	at com.hrym.auth.controller.ControllerTest.sharePage(ControllerTest.java:47)
	at sun.reflect.NativeMethodAccessorImpl.invoke0(Native Method)
	at sun.reflect.NativeMethodAccessorImpl.invoke(NativeMethodAccessorImpl.java:62)
	at sun.reflect.DelegatingMethodAccessorImpl.invoke(DelegatingMethodAccessorImpl.java:43)
	at java.lang.reflect.Method.invoke(Method.java:498)
	at org.junit.runners.model.FrameworkMethod$1.runReflectiveCall(FrameworkMethod.java:50)
	at org.junit.internal.runners.model.ReflectiveCallable.run(ReflectiveCallable.java:12)
	at org.junit.runners.model.FrameworkMethod.invokeExplosively(FrameworkMethod.java:47)
	at org.junit.internal.runners.statements.InvokeMethod.evaluate(InvokeMethod.java:17)
	at org.junit.internal.runners.statements.RunBefores.evaluate(RunBefores.java:26)
	at org.springframework.test.context.junit4.statements.RunBeforeTestMethodCallbacks.evaluate(RunBeforeTestMethodCallbacks.java:75)
	at org.junit.internal.runners.statements.RunAfters.evaluate(RunAfters.java:27)
	at org.springframework.test.context.junit4.statements.RunAfterTestMethodCallbacks.evaluate(RunAfterTestMethodCallbacks.java:86)
	at org.springframework.test.context.junit4.statements.SpringRepeat.evaluate(SpringRepeat.java:84)
	at org.junit.runners.ParentRunner.runLeaf(ParentRunner.java:325)
	at org.springframework.test.context.junit4.SpringJUnit4ClassRunner.runChild(SpringJUnit4ClassRunner.java:252)
	at org.springframework.test.context.junit4.SpringJUnit4ClassRunner.runChild(SpringJUnit4ClassRunner.java:94)
	at org.junit.runners.ParentRunner$3.run(ParentRunner.java:290)
	at org.junit.runners.ParentRunner$1.schedule(ParentRunner.java:71)
	at org.junit.runners.ParentRunner.runChildren(ParentRunner.java:288)
	at org.junit.runners.ParentRunner.access$000(ParentRunner.java:58)
	at org.junit.runners.ParentRunner$2.evaluate(ParentRunner.java:268)
	at org.springframework.test.context.junit4.statements.RunBeforeTestClassCallbacks.evaluate(RunBeforeTestClassCallbacks.java:61)
	at org.springframework.test.context.junit4.statements.RunAfterTestClassCallbacks.evaluate(RunAfterTestClassCallbacks.java:70)
	at org.junit.runners.ParentRunner.run(ParentRunner.java:363)
	at org.springframework.test.context.junit4.SpringJUnit4ClassRunner.run(SpringJUnit4ClassRunner.java:191)
	at org.junit.runner.JUnitCore.run(JUnitCore.java:137)
	at com.intellij.junit4.JUnit4IdeaTestRunner.startRunnerWithArgs(JUnit4IdeaTestRunner.java:68)
	at com.intellij.rt.execution.junit.IdeaTestRunner$Repeater.startRunnerWithArgs(IdeaTestRunner.java:51)
	at com.intellij.rt.execution.junit.JUnitStarter.prepareStreamsAndStart(JUnitStarter.java:242)
	at com.intellij.rt.execution.junit.JUnitStarter.main(JUnitStarter.java:70)
2018-10-09 10:10:09 [ ERROR ] [ BaseController.java :37(exceptionHandler)]  统一异常处理 end：
java.lang.NullPointerException
	at com.hrym.auth.controller.AttractUserActivityController.activityMainPage(AttractUserActivityController.java:46)
	at sun.reflect.NativeMethodAccessorImpl.invoke0(Native Method)
	at sun.reflect.NativeMethodAccessorImpl.invoke(NativeMethodAccessorImpl.java:62)
	at sun.reflect.DelegatingMethodAccessorImpl.invoke(DelegatingMethodAccessorImpl.java:43)
	at java.lang.reflect.Method.invoke(Method.java:498)
	at org.springframework.web.method.support.InvocableHandlerMethod.doInvoke(InvocableHandlerMethod.java:205)
	at org.springframework.web.method.support.InvocableHandlerMethod.invokeForRequest(InvocableHandlerMethod.java:133)
	at org.springframework.web.servlet.mvc.method.annotation.ServletInvocableHandlerMethod.invokeAndHandle(ServletInvocableHandlerMethod.java:116)
	at org.springframework.web.servlet.mvc.method.annotation.RequestMappingHandlerAdapter.invokeHandlerMethod(RequestMappingHandlerAdapter.java:827)
	at org.springframework.web.servlet.mvc.method.annotation.RequestMappingHandlerAdapter.handleInternal(RequestMappingHandlerAdapter.java:738)
	at org.springframework.web.servlet.mvc.method.AbstractHandlerMethodAdapter.handle(AbstractHandlerMethodAdapter.java:85)
	at org.springframework.web.servlet.DispatcherServlet.doDispatch(DispatcherServlet.java:963)
	at org.springframework.web.servlet.DispatcherServlet.doService(DispatcherServlet.java:897)
	at org.springframework.web.servlet.FrameworkServlet.processRequest(FrameworkServlet.java:970)
	at org.springframework.web.servlet.FrameworkServlet.doPost(FrameworkServlet.java:872)
	at javax.servlet.http.HttpServlet.service(HttpServlet.java:727)
	at org.springframework.web.servlet.FrameworkServlet.service(FrameworkServlet.java:846)
	at org.springframework.test.web.servlet.TestDispatcherServlet.service(TestDispatcherServlet.java:65)
	at javax.servlet.http.HttpServlet.service(HttpServlet.java:820)
	at org.springframework.mock.web.MockFilterChain$ServletFilterProxy.doFilter(MockFilterChain.java:167)
	at org.springframework.mock.web.MockFilterChain.doFilter(MockFilterChain.java:134)
	at org.springframework.test.web.servlet.MockMvc.perform(MockMvc.java:155)
	at com.hrym.auth.controller.ControllerTest.sharePage(ControllerTest.java:47)
	at sun.reflect.NativeMethodAccessorImpl.invoke0(Native Method)
	at sun.reflect.NativeMethodAccessorImpl.invoke(NativeMethodAccessorImpl.java:62)
	at sun.reflect.DelegatingMethodAccessorImpl.invoke(DelegatingMethodAccessorImpl.java:43)
	at java.lang.reflect.Method.invoke(Method.java:498)
	at org.junit.runners.model.FrameworkMethod$1.runReflectiveCall(FrameworkMethod.java:50)
	at org.junit.internal.runners.model.ReflectiveCallable.run(ReflectiveCallable.java:12)
	at org.junit.runners.model.FrameworkMethod.invokeExplosively(FrameworkMethod.java:47)
	at org.junit.internal.runners.statements.InvokeMethod.evaluate(InvokeMethod.java:17)
	at org.junit.internal.runners.statements.RunBefores.evaluate(RunBefores.java:26)
	at org.springframework.test.context.junit4.statements.RunBeforeTestMethodCallbacks.evaluate(RunBeforeTestMethodCallbacks.java:75)
	at org.junit.internal.runners.statements.RunAfters.evaluate(RunAfters.java:27)
	at org.springframework.test.context.junit4.statements.RunAfterTestMethodCallbacks.evaluate(RunAfterTestMethodCallbacks.java:86)
	at org.springframework.test.context.junit4.statements.SpringRepeat.evaluate(SpringRepeat.java:84)
	at org.junit.runners.ParentRunner.runLeaf(ParentRunner.java:325)
	at org.springframework.test.context.junit4.SpringJUnit4ClassRunner.runChild(SpringJUnit4ClassRunner.java:252)
	at org.springframework.test.context.junit4.SpringJUnit4ClassRunner.runChild(SpringJUnit4ClassRunner.java:94)
	at org.junit.runners.ParentRunner$3.run(ParentRunner.java:290)
	at org.junit.runners.ParentRunner$1.schedule(ParentRunner.java:71)
	at org.junit.runners.ParentRunner.runChildren(ParentRunner.java:288)
	at org.junit.runners.ParentRunner.access$000(ParentRunner.java:58)
	at org.junit.runners.ParentRunner$2.evaluate(ParentRunner.java:268)
	at org.springframework.test.context.junit4.statements.RunBeforeTestClassCallbacks.evaluate(RunBeforeTestClassCallbacks.java:61)
	at org.springframework.test.context.junit4.statements.RunAfterTestClassCallbacks.evaluate(RunAfterTestClassCallbacks.java:70)
	at org.junit.runners.ParentRunner.run(ParentRunner.java:363)
	at org.springframework.test.context.junit4.SpringJUnit4ClassRunner.run(SpringJUnit4ClassRunner.java:191)
	at org.junit.runner.JUnitCore.run(JUnitCore.java:137)
	at com.intellij.junit4.JUnit4IdeaTestRunner.startRunnerWithArgs(JUnit4IdeaTestRunner.java:68)
	at com.intellij.rt.execution.junit.IdeaTestRunner$Repeater.startRunnerWithArgs(IdeaTestRunner.java:51)
	at com.intellij.rt.execution.junit.JUnitStarter.prepareStreamsAndStart(JUnitStarter.java:242)
	at com.intellij.rt.execution.junit.JUnitStarter.main(JUnitStarter.java:70)
2018-10-09 10:10:09 [ INFO ] [ AbstractConfig$1.java :450(run)]   [DUBBO] Run shutdown hook now., dubbo version: 2.5.3, current host: 127.0.0.1
2018-10-09 10:10:09 [ INFO ] [ AbstractRegistryFactory.java :63(destroyAll)]   [DUBBO] Close all registries [], dubbo version: 2.5.3, current host: 127.0.0.1
2018-10-09 10:10:09 [ INFO ] [ DruidDataSource.java :1385(close)]  {dataSource-2} closed
2018-10-09 10:10:09 [ INFO ] [ DruidDataSource.java :1385(close)]  {dataSource-1} closed
2018-10-09 10:10:41 [ INFO ] [ ?.java :?(?)]  using logger: com.alibaba.dubbo.common.logger.log4j.Log4jLoggerAdapter
2018-10-09 10:10:45 [ INFO ] [ DruidDataSource.java :669(init)]  {dataSource-1} inited
2018-10-09 10:10:45 [ INFO ] [ DruidDataSource.java :669(init)]  {dataSource-2} inited
2018-10-09 10:10:46 [ WARN ] [ ConfigurationFactory.java :136(parseConfiguration)]  No configuration found. Configuring ehcache from ehcache-failsafe.xml  found in the classpath: jar:file:/Users/hrym13/.m2/repository/net/sf/ehcache/ehcache/2.10.0/ehcache-2.10.0.jar!/ehcache-failsafe.xml
2018-10-09 10:10:46 [ INFO ] [ AbstractConfig$1.java :450(run)]   [DUBBO] Run shutdown hook now., dubbo version: 2.5.3, current host: 127.0.0.1
2018-10-09 10:10:46 [ INFO ] [ AbstractRegistryFactory.java :63(destroyAll)]   [DUBBO] Close all registries [], dubbo version: 2.5.3, current host: 127.0.0.1
2018-10-09 10:11:06 [ INFO ] [ ?.java :?(?)]  using logger: com.alibaba.dubbo.common.logger.log4j.Log4jLoggerAdapter
2018-10-09 10:11:10 [ INFO ] [ DruidDataSource.java :669(init)]  {dataSource-1} inited
2018-10-09 10:11:11 [ INFO ] [ DruidDataSource.java :669(init)]  {dataSource-2} inited
2018-10-09 10:11:11 [ WARN ] [ ConfigurationFactory.java :136(parseConfiguration)]  No configuration found. Configuring ehcache from ehcache-failsafe.xml  found in the classpath: jar:file:/Users/hrym13/.m2/repository/net/sf/ehcache/ehcache/2.10.0/ehcache-2.10.0.jar!/ehcache-failsafe.xml
2018-10-09 10:11:27 [ ERROR ] [ BaseController.java :32(exceptionHandler)]  统一异常处理 start：
java.lang.NullPointerException
	at com.hrym.auth.controller.AttractUserActivityController.activityMainPage(AttractUserActivityController.java:46)
	at sun.reflect.NativeMethodAccessorImpl.invoke0(Native Method)
	at sun.reflect.NativeMethodAccessorImpl.invoke(NativeMethodAccessorImpl.java:62)
	at sun.reflect.DelegatingMethodAccessorImpl.invoke(DelegatingMethodAccessorImpl.java:43)
	at java.lang.reflect.Method.invoke(Method.java:498)
	at org.springframework.web.method.support.InvocableHandlerMethod.doInvoke(InvocableHandlerMethod.java:205)
	at org.springframework.web.method.support.InvocableHandlerMethod.invokeForRequest(InvocableHandlerMethod.java:133)
	at org.springframework.web.servlet.mvc.method.annotation.ServletInvocableHandlerMethod.invokeAndHandle(ServletInvocableHandlerMethod.java:116)
	at org.springframework.web.servlet.mvc.method.annotation.RequestMappingHandlerAdapter.invokeHandlerMethod(RequestMappingHandlerAdapter.java:827)
	at org.springframework.web.servlet.mvc.method.annotation.RequestMappingHandlerAdapter.handleInternal(RequestMappingHandlerAdapter.java:738)
	at org.springframework.web.servlet.mvc.method.AbstractHandlerMethodAdapter.handle(AbstractHandlerMethodAdapter.java:85)
	at org.springframework.web.servlet.DispatcherServlet.doDispatch(DispatcherServlet.java:963)
	at org.springframework.web.servlet.DispatcherServlet.doService(DispatcherServlet.java:897)
	at org.springframework.web.servlet.FrameworkServlet.processRequest(FrameworkServlet.java:970)
	at org.springframework.web.servlet.FrameworkServlet.doPost(FrameworkServlet.java:872)
	at javax.servlet.http.HttpServlet.service(HttpServlet.java:727)
	at org.springframework.web.servlet.FrameworkServlet.service(FrameworkServlet.java:846)
	at org.springframework.test.web.servlet.TestDispatcherServlet.service(TestDispatcherServlet.java:65)
	at javax.servlet.http.HttpServlet.service(HttpServlet.java:820)
	at org.springframework.mock.web.MockFilterChain$ServletFilterProxy.doFilter(MockFilterChain.java:167)
	at org.springframework.mock.web.MockFilterChain.doFilter(MockFilterChain.java:134)
	at org.springframework.test.web.servlet.MockMvc.perform(MockMvc.java:155)
	at com.hrym.auth.controller.ControllerTest.sharePage(ControllerTest.java:47)
	at sun.reflect.NativeMethodAccessorImpl.invoke0(Native Method)
	at sun.reflect.NativeMethodAccessorImpl.invoke(NativeMethodAccessorImpl.java:62)
	at sun.reflect.DelegatingMethodAccessorImpl.invoke(DelegatingMethodAccessorImpl.java:43)
	at java.lang.reflect.Method.invoke(Method.java:498)
	at org.junit.runners.model.FrameworkMethod$1.runReflectiveCall(FrameworkMethod.java:50)
	at org.junit.internal.runners.model.ReflectiveCallable.run(ReflectiveCallable.java:12)
	at org.junit.runners.model.FrameworkMethod.invokeExplosively(FrameworkMethod.java:47)
	at org.junit.internal.runners.statements.InvokeMethod.evaluate(InvokeMethod.java:17)
	at org.junit.internal.runners.statements.RunBefores.evaluate(RunBefores.java:26)
	at org.springframework.test.context.junit4.statements.RunBeforeTestMethodCallbacks.evaluate(RunBeforeTestMethodCallbacks.java:75)
	at org.junit.internal.runners.statements.RunAfters.evaluate(RunAfters.java:27)
	at org.springframework.test.context.junit4.statements.RunAfterTestMethodCallbacks.evaluate(RunAfterTestMethodCallbacks.java:86)
	at org.springframework.test.context.junit4.statements.SpringRepeat.evaluate(SpringRepeat.java:84)
	at org.junit.runners.ParentRunner.runLeaf(ParentRunner.java:325)
	at org.springframework.test.context.junit4.SpringJUnit4ClassRunner.runChild(SpringJUnit4ClassRunner.java:252)
	at org.springframework.test.context.junit4.SpringJUnit4ClassRunner.runChild(SpringJUnit4ClassRunner.java:94)
	at org.junit.runners.ParentRunner$3.run(ParentRunner.java:290)
	at org.junit.runners.ParentRunner$1.schedule(ParentRunner.java:71)
	at org.junit.runners.ParentRunner.runChildren(ParentRunner.java:288)
	at org.junit.runners.ParentRunner.access$000(ParentRunner.java:58)
	at org.junit.runners.ParentRunner$2.evaluate(ParentRunner.java:268)
	at org.springframework.test.context.junit4.statements.RunBeforeTestClassCallbacks.evaluate(RunBeforeTestClassCallbacks.java:61)
	at org.springframework.test.context.junit4.statements.RunAfterTestClassCallbacks.evaluate(RunAfterTestClassCallbacks.java:70)
	at org.junit.runners.ParentRunner.run(ParentRunner.java:363)
	at org.springframework.test.context.junit4.SpringJUnit4ClassRunner.run(SpringJUnit4ClassRunner.java:191)
	at org.junit.runner.JUnitCore.run(JUnitCore.java:137)
	at com.intellij.junit4.JUnit4IdeaTestRunner.startRunnerWithArgs(JUnit4IdeaTestRunner.java:68)
	at com.intellij.rt.execution.junit.IdeaTestRunner$Repeater.startRunnerWithArgs(IdeaTestRunner.java:51)
	at com.intellij.rt.execution.junit.JUnitStarter.prepareStreamsAndStart(JUnitStarter.java:242)
	at com.intellij.rt.execution.junit.JUnitStarter.main(JUnitStarter.java:70)
2018-10-09 10:11:27 [ ERROR ] [ BaseController.java :37(exceptionHandler)]  统一异常处理 end：
java.lang.NullPointerException
	at com.hrym.auth.controller.AttractUserActivityController.activityMainPage(AttractUserActivityController.java:46)
	at sun.reflect.NativeMethodAccessorImpl.invoke0(Native Method)
	at sun.reflect.NativeMethodAccessorImpl.invoke(NativeMethodAccessorImpl.java:62)
	at sun.reflect.DelegatingMethodAccessorImpl.invoke(DelegatingMethodAccessorImpl.java:43)
	at java.lang.reflect.Method.invoke(Method.java:498)
	at org.springframework.web.method.support.InvocableHandlerMethod.doInvoke(InvocableHandlerMethod.java:205)
	at org.springframework.web.method.support.InvocableHandlerMethod.invokeForRequest(InvocableHandlerMethod.java:133)
	at org.springframework.web.servlet.mvc.method.annotation.ServletInvocableHandlerMethod.invokeAndHandle(ServletInvocableHandlerMethod.java:116)
	at org.springframework.web.servlet.mvc.method.annotation.RequestMappingHandlerAdapter.invokeHandlerMethod(RequestMappingHandlerAdapter.java:827)
	at org.springframework.web.servlet.mvc.method.annotation.RequestMappingHandlerAdapter.handleInternal(RequestMappingHandlerAdapter.java:738)
	at org.springframework.web.servlet.mvc.method.AbstractHandlerMethodAdapter.handle(AbstractHandlerMethodAdapter.java:85)
	at org.springframework.web.servlet.DispatcherServlet.doDispatch(DispatcherServlet.java:963)
	at org.springframework.web.servlet.DispatcherServlet.doService(DispatcherServlet.java:897)
	at org.springframework.web.servlet.FrameworkServlet.processRequest(FrameworkServlet.java:970)
	at org.springframework.web.servlet.FrameworkServlet.doPost(FrameworkServlet.java:872)
	at javax.servlet.http.HttpServlet.service(HttpServlet.java:727)
	at org.springframework.web.servlet.FrameworkServlet.service(FrameworkServlet.java:846)
	at org.springframework.test.web.servlet.TestDispatcherServlet.service(TestDispatcherServlet.java:65)
	at javax.servlet.http.HttpServlet.service(HttpServlet.java:820)
	at org.springframework.mock.web.MockFilterChain$ServletFilterProxy.doFilter(MockFilterChain.java:167)
	at org.springframework.mock.web.MockFilterChain.doFilter(MockFilterChain.java:134)
	at org.springframework.test.web.servlet.MockMvc.perform(MockMvc.java:155)
	at com.hrym.auth.controller.ControllerTest.sharePage(ControllerTest.java:47)
	at sun.reflect.NativeMethodAccessorImpl.invoke0(Native Method)
	at sun.reflect.NativeMethodAccessorImpl.invoke(NativeMethodAccessorImpl.java:62)
	at sun.reflect.DelegatingMethodAccessorImpl.invoke(DelegatingMethodAccessorImpl.java:43)
	at java.lang.reflect.Method.invoke(Method.java:498)
	at org.junit.runners.model.FrameworkMethod$1.runReflectiveCall(FrameworkMethod.java:50)
	at org.junit.internal.runners.model.ReflectiveCallable.run(ReflectiveCallable.java:12)
	at org.junit.runners.model.FrameworkMethod.invokeExplosively(FrameworkMethod.java:47)
	at org.junit.internal.runners.statements.InvokeMethod.evaluate(InvokeMethod.java:17)
	at org.junit.internal.runners.statements.RunBefores.evaluate(RunBefores.java:26)
	at org.springframework.test.context.junit4.statements.RunBeforeTestMethodCallbacks.evaluate(RunBeforeTestMethodCallbacks.java:75)
	at org.junit.internal.runners.statements.RunAfters.evaluate(RunAfters.java:27)
	at org.springframework.test.context.junit4.statements.RunAfterTestMethodCallbacks.evaluate(RunAfterTestMethodCallbacks.java:86)
	at org.springframework.test.context.junit4.statements.SpringRepeat.evaluate(SpringRepeat.java:84)
	at org.junit.runners.ParentRunner.runLeaf(ParentRunner.java:325)
	at org.springframework.test.context.junit4.SpringJUnit4ClassRunner.runChild(SpringJUnit4ClassRunner.java:252)
	at org.springframework.test.context.junit4.SpringJUnit4ClassRunner.runChild(SpringJUnit4ClassRunner.java:94)
	at org.junit.runners.ParentRunner$3.run(ParentRunner.java:290)
	at org.junit.runners.ParentRunner$1.schedule(ParentRunner.java:71)
	at org.junit.runners.ParentRunner.runChildren(ParentRunner.java:288)
	at org.junit.runners.ParentRunner.access$000(ParentRunner.java:58)
	at org.junit.runners.ParentRunner$2.evaluate(ParentRunner.java:268)
	at org.springframework.test.context.junit4.statements.RunBeforeTestClassCallbacks.evaluate(RunBeforeTestClassCallbacks.java:61)
	at org.springframework.test.context.junit4.statements.RunAfterTestClassCallbacks.evaluate(RunAfterTestClassCallbacks.java:70)
	at org.junit.runners.ParentRunner.run(ParentRunner.java:363)
	at org.springframework.test.context.junit4.SpringJUnit4ClassRunner.run(SpringJUnit4ClassRunner.java:191)
	at org.junit.runner.JUnitCore.run(JUnitCore.java:137)
	at com.intellij.junit4.JUnit4IdeaTestRunner.startRunnerWithArgs(JUnit4IdeaTestRunner.java:68)
	at com.intellij.rt.execution.junit.IdeaTestRunner$Repeater.startRunnerWithArgs(IdeaTestRunner.java:51)
	at com.intellij.rt.execution.junit.JUnitStarter.prepareStreamsAndStart(JUnitStarter.java:242)
	at com.intellij.rt.execution.junit.JUnitStarter.main(JUnitStarter.java:70)
2018-10-09 10:11:28 [ INFO ] [ AbstractConfig$1.java :450(run)]   [DUBBO] Run shutdown hook now., dubbo version: 2.5.3, current host: 127.0.0.1
2018-10-09 10:11:28 [ INFO ] [ AbstractRegistryFactory.java :63(destroyAll)]   [DUBBO] Close all registries [], dubbo version: 2.5.3, current host: 127.0.0.1
2018-10-09 10:11:28 [ INFO ] [ DruidDataSource.java :1385(close)]  {dataSource-2} closed
2018-10-09 10:11:28 [ INFO ] [ DruidDataSource.java :1385(close)]  {dataSource-1} closed
2018-10-09 10:11:50 [ INFO ] [ ?.java :?(?)]  using logger: com.alibaba.dubbo.common.logger.log4j.Log4jLoggerAdapter
2018-10-09 10:11:54 [ INFO ] [ DruidDataSource.java :669(init)]  {dataSource-1} inited
2018-10-09 10:11:55 [ INFO ] [ DruidDataSource.java :669(init)]  {dataSource-2} inited
2018-10-09 10:11:55 [ WARN ] [ ConfigurationFactory.java :136(parseConfiguration)]  No configuration found. Configuring ehcache from ehcache-failsafe.xml  found in the classpath: jar:file:/Users/hrym13/.m2/repository/net/sf/ehcache/ehcache/2.10.0/ehcache-2.10.0.jar!/ehcache-failsafe.xml
2018-10-09 10:12:02 [ ERROR ] [ BaseController.java :32(exceptionHandler)]  统一异常处理 start：
java.lang.NullPointerException
	at com.hrym.auth.controller.AttractUserActivityController.activityMainPage(AttractUserActivityController.java:46)
	at sun.reflect.NativeMethodAccessorImpl.invoke0(Native Method)
	at sun.reflect.NativeMethodAccessorImpl.invoke(NativeMethodAccessorImpl.java:62)
	at sun.reflect.DelegatingMethodAccessorImpl.invoke(DelegatingMethodAccessorImpl.java:43)
	at java.lang.reflect.Method.invoke(Method.java:498)
	at org.springframework.web.method.support.InvocableHandlerMethod.doInvoke(InvocableHandlerMethod.java:205)
	at org.springframework.web.method.support.InvocableHandlerMethod.invokeForRequest(InvocableHandlerMethod.java:133)
	at org.springframework.web.servlet.mvc.method.annotation.ServletInvocableHandlerMethod.invokeAndHandle(ServletInvocableHandlerMethod.java:116)
	at org.springframework.web.servlet.mvc.method.annotation.RequestMappingHandlerAdapter.invokeHandlerMethod(RequestMappingHandlerAdapter.java:827)
	at org.springframework.web.servlet.mvc.method.annotation.RequestMappingHandlerAdapter.handleInternal(RequestMappingHandlerAdapter.java:738)
	at org.springframework.web.servlet.mvc.method.AbstractHandlerMethodAdapter.handle(AbstractHandlerMethodAdapter.java:85)
	at org.springframework.web.servlet.DispatcherServlet.doDispatch(DispatcherServlet.java:963)
	at org.springframework.web.servlet.DispatcherServlet.doService(DispatcherServlet.java:897)
	at org.springframework.web.servlet.FrameworkServlet.processRequest(FrameworkServlet.java:970)
	at org.springframework.web.servlet.FrameworkServlet.doPost(FrameworkServlet.java:872)
	at javax.servlet.http.HttpServlet.service(HttpServlet.java:727)
	at org.springframework.web.servlet.FrameworkServlet.service(FrameworkServlet.java:846)
	at org.springframework.test.web.servlet.TestDispatcherServlet.service(TestDispatcherServlet.java:65)
	at javax.servlet.http.HttpServlet.service(HttpServlet.java:820)
	at org.springframework.mock.web.MockFilterChain$ServletFilterProxy.doFilter(MockFilterChain.java:167)
	at org.springframework.mock.web.MockFilterChain.doFilter(MockFilterChain.java:134)
	at org.springframework.test.web.servlet.MockMvc.perform(MockMvc.java:155)
	at com.hrym.auth.controller.ControllerTest.sharePage(ControllerTest.java:47)
	at sun.reflect.NativeMethodAccessorImpl.invoke0(Native Method)
	at sun.reflect.NativeMethodAccessorImpl.invoke(NativeMethodAccessorImpl.java:62)
	at sun.reflect.DelegatingMethodAccessorImpl.invoke(DelegatingMethodAccessorImpl.java:43)
	at java.lang.reflect.Method.invoke(Method.java:498)
	at org.junit.runners.model.FrameworkMethod$1.runReflectiveCall(FrameworkMethod.java:50)
	at org.junit.internal.runners.model.ReflectiveCallable.run(ReflectiveCallable.java:12)
	at org.junit.runners.model.FrameworkMethod.invokeExplosively(FrameworkMethod.java:47)
	at org.junit.internal.runners.statements.InvokeMethod.evaluate(InvokeMethod.java:17)
	at org.junit.internal.runners.statements.RunBefores.evaluate(RunBefores.java:26)
	at org.springframework.test.context.junit4.statements.RunBeforeTestMethodCallbacks.evaluate(RunBeforeTestMethodCallbacks.java:75)
	at org.junit.internal.runners.statements.RunAfters.evaluate(RunAfters.java:27)
	at org.springframework.test.context.junit4.statements.RunAfterTestMethodCallbacks.evaluate(RunAfterTestMethodCallbacks.java:86)
	at org.springframework.test.context.junit4.statements.SpringRepeat.evaluate(SpringRepeat.java:84)
	at org.junit.runners.ParentRunner.runLeaf(ParentRunner.java:325)
	at org.springframework.test.context.junit4.SpringJUnit4ClassRunner.runChild(SpringJUnit4ClassRunner.java:252)
	at org.springframework.test.context.junit4.SpringJUnit4ClassRunner.runChild(SpringJUnit4ClassRunner.java:94)
	at org.junit.runners.ParentRunner$3.run(ParentRunner.java:290)
	at org.junit.runners.ParentRunner$1.schedule(ParentRunner.java:71)
	at org.junit.runners.ParentRunner.runChildren(ParentRunner.java:288)
	at org.junit.runners.ParentRunner.access$000(ParentRunner.java:58)
	at org.junit.runners.ParentRunner$2.evaluate(ParentRunner.java:268)
	at org.springframework.test.context.junit4.statements.RunBeforeTestClassCallbacks.evaluate(RunBeforeTestClassCallbacks.java:61)
	at org.springframework.test.context.junit4.statements.RunAfterTestClassCallbacks.evaluate(RunAfterTestClassCallbacks.java:70)
	at org.junit.runners.ParentRunner.run(ParentRunner.java:363)
	at org.springframework.test.context.junit4.SpringJUnit4ClassRunner.run(SpringJUnit4ClassRunner.java:191)
	at org.junit.runner.JUnitCore.run(JUnitCore.java:137)
	at com.intellij.junit4.JUnit4IdeaTestRunner.startRunnerWithArgs(JUnit4IdeaTestRunner.java:68)
	at com.intellij.rt.execution.junit.IdeaTestRunner$Repeater.startRunnerWithArgs(IdeaTestRunner.java:51)
	at com.intellij.rt.execution.junit.JUnitStarter.prepareStreamsAndStart(JUnitStarter.java:242)
	at com.intellij.rt.execution.junit.JUnitStarter.main(JUnitStarter.java:70)
2018-10-09 10:12:02 [ ERROR ] [ BaseController.java :37(exceptionHandler)]  统一异常处理 end：
java.lang.NullPointerException
	at com.hrym.auth.controller.AttractUserActivityController.activityMainPage(AttractUserActivityController.java:46)
	at sun.reflect.NativeMethodAccessorImpl.invoke0(Native Method)
	at sun.reflect.NativeMethodAccessorImpl.invoke(NativeMethodAccessorImpl.java:62)
	at sun.reflect.DelegatingMethodAccessorImpl.invoke(DelegatingMethodAccessorImpl.java:43)
	at java.lang.reflect.Method.invoke(Method.java:498)
	at org.springframework.web.method.support.InvocableHandlerMethod.doInvoke(InvocableHandlerMethod.java:205)
	at org.springframework.web.method.support.InvocableHandlerMethod.invokeForRequest(InvocableHandlerMethod.java:133)
	at org.springframework.web.servlet.mvc.method.annotation.ServletInvocableHandlerMethod.invokeAndHandle(ServletInvocableHandlerMethod.java:116)
	at org.springframework.web.servlet.mvc.method.annotation.RequestMappingHandlerAdapter.invokeHandlerMethod(RequestMappingHandlerAdapter.java:827)
	at org.springframework.web.servlet.mvc.method.annotation.RequestMappingHandlerAdapter.handleInternal(RequestMappingHandlerAdapter.java:738)
	at org.springframework.web.servlet.mvc.method.AbstractHandlerMethodAdapter.handle(AbstractHandlerMethodAdapter.java:85)
	at org.springframework.web.servlet.DispatcherServlet.doDispatch(DispatcherServlet.java:963)
	at org.springframework.web.servlet.DispatcherServlet.doService(DispatcherServlet.java:897)
	at org.springframework.web.servlet.FrameworkServlet.processRequest(FrameworkServlet.java:970)
	at org.springframework.web.servlet.FrameworkServlet.doPost(FrameworkServlet.java:872)
	at javax.servlet.http.HttpServlet.service(HttpServlet.java:727)
	at org.springframework.web.servlet.FrameworkServlet.service(FrameworkServlet.java:846)
	at org.springframework.test.web.servlet.TestDispatcherServlet.service(TestDispatcherServlet.java:65)
	at javax.servlet.http.HttpServlet.service(HttpServlet.java:820)
	at org.springframework.mock.web.MockFilterChain$ServletFilterProxy.doFilter(MockFilterChain.java:167)
	at org.springframework.mock.web.MockFilterChain.doFilter(MockFilterChain.java:134)
	at org.springframework.test.web.servlet.MockMvc.perform(MockMvc.java:155)
	at com.hrym.auth.controller.ControllerTest.sharePage(ControllerTest.java:47)
	at sun.reflect.NativeMethodAccessorImpl.invoke0(Native Method)
	at sun.reflect.NativeMethodAccessorImpl.invoke(NativeMethodAccessorImpl.java:62)
	at sun.reflect.DelegatingMethodAccessorImpl.invoke(DelegatingMethodAccessorImpl.java:43)
	at java.lang.reflect.Method.invoke(Method.java:498)
	at org.junit.runners.model.FrameworkMethod$1.runReflectiveCall(FrameworkMethod.java:50)
	at org.junit.internal.runners.model.ReflectiveCallable.run(ReflectiveCallable.java:12)
	at org.junit.runners.model.FrameworkMethod.invokeExplosively(FrameworkMethod.java:47)
	at org.junit.internal.runners.statements.InvokeMethod.evaluate(InvokeMethod.java:17)
	at org.junit.internal.runners.statements.RunBefores.evaluate(RunBefores.java:26)
	at org.springframework.test.context.junit4.statements.RunBeforeTestMethodCallbacks.evaluate(RunBeforeTestMethodCallbacks.java:75)
	at org.junit.internal.runners.statements.RunAfters.evaluate(RunAfters.java:27)
	at org.springframework.test.context.junit4.statements.RunAfterTestMethodCallbacks.evaluate(RunAfterTestMethodCallbacks.java:86)
	at org.springframework.test.context.junit4.statements.SpringRepeat.evaluate(SpringRepeat.java:84)
	at org.junit.runners.ParentRunner.runLeaf(ParentRunner.java:325)
	at org.springframework.test.context.junit4.SpringJUnit4ClassRunner.runChild(SpringJUnit4ClassRunner.java:252)
	at org.springframework.test.context.junit4.SpringJUnit4ClassRunner.runChild(SpringJUnit4ClassRunner.java:94)
	at org.junit.runners.ParentRunner$3.run(ParentRunner.java:290)
	at org.junit.runners.ParentRunner$1.schedule(ParentRunner.java:71)
	at org.junit.runners.ParentRunner.runChildren(ParentRunner.java:288)
	at org.junit.runners.ParentRunner.access$000(ParentRunner.java:58)
	at org.junit.runners.ParentRunner$2.evaluate(ParentRunner.java:268)
	at org.springframework.test.context.junit4.statements.RunBeforeTestClassCallbacks.evaluate(RunBeforeTestClassCallbacks.java:61)
	at org.springframework.test.context.junit4.statements.RunAfterTestClassCallbacks.evaluate(RunAfterTestClassCallbacks.java:70)
	at org.junit.runners.ParentRunner.run(ParentRunner.java:363)
	at org.springframework.test.context.junit4.SpringJUnit4ClassRunner.run(SpringJUnit4ClassRunner.java:191)
	at org.junit.runner.JUnitCore.run(JUnitCore.java:137)
	at com.intellij.junit4.JUnit4IdeaTestRunner.startRunnerWithArgs(JUnit4IdeaTestRunner.java:68)
	at com.intellij.rt.execution.junit.IdeaTestRunner$Repeater.startRunnerWithArgs(IdeaTestRunner.java:51)
	at com.intellij.rt.execution.junit.JUnitStarter.prepareStreamsAndStart(JUnitStarter.java:242)
	at com.intellij.rt.execution.junit.JUnitStarter.main(JUnitStarter.java:70)
2018-10-09 10:12:02 [ INFO ] [ AbstractConfig$1.java :450(run)]   [DUBBO] Run shutdown hook now., dubbo version: 2.5.3, current host: 127.0.0.1
2018-10-09 10:12:02 [ INFO ] [ AbstractRegistryFactory.java :63(destroyAll)]   [DUBBO] Close all registries [], dubbo version: 2.5.3, current host: 127.0.0.1
2018-10-09 10:12:02 [ INFO ] [ DruidDataSource.java :1385(close)]  {dataSource-2} closed
2018-10-09 10:12:02 [ INFO ] [ DruidDataSource.java :1385(close)]  {dataSource-1} closed
2018-10-09 10:15:07 [ INFO ] [ ?.java :?(?)]  using logger: com.alibaba.dubbo.common.logger.log4j.Log4jLoggerAdapter
2018-10-09 10:15:11 [ INFO ] [ DruidDataSource.java :669(init)]  {dataSource-1} inited
2018-10-09 10:15:11 [ INFO ] [ DruidDataSource.java :669(init)]  {dataSource-2} inited
2018-10-09 10:15:11 [ WARN ] [ ConfigurationFactory.java :136(parseConfiguration)]  No configuration found. Configuring ehcache from ehcache-failsafe.xml  found in the classpath: jar:file:/Users/hrym13/.m2/repository/net/sf/ehcache/ehcache/2.10.0/ehcache-2.10.0.jar!/ehcache-failsafe.xml
2018-10-09 10:15:14 [ INFO ] [ AbstractConfig$1.java :450(run)]   [DUBBO] Run shutdown hook now., dubbo version: 2.5.3, current host: 127.0.0.1
2018-10-09 10:15:14 [ INFO ] [ AbstractRegistryFactory.java :63(destroyAll)]   [DUBBO] Close all registries [], dubbo version: 2.5.3, current host: 127.0.0.1
2018-10-09 10:15:14 [ INFO ] [ DruidDataSource.java :1385(close)]  {dataSource-2} closed
2018-10-09 10:15:14 [ INFO ] [ DruidDataSource.java :1385(close)]  {dataSource-1} closed
2018-10-09 10:16:13 [ INFO ] [ ?.java :?(?)]  using logger: com.alibaba.dubbo.common.logger.log4j.Log4jLoggerAdapter
2018-10-09 10:16:18 [ INFO ] [ DruidDataSource.java :669(init)]  {dataSource-1} inited
2018-10-09 10:16:18 [ INFO ] [ DruidDataSource.java :669(init)]  {dataSource-2} inited
2018-10-09 10:16:19 [ WARN ] [ ConfigurationFactory.java :136(parseConfiguration)]  No configuration found. Configuring ehcache from ehcache-failsafe.xml  found in the classpath: jar:file:/Users/hrym13/.m2/repository/net/sf/ehcache/ehcache/2.10.0/ehcache-2.10.0.jar!/ehcache-failsafe.xml
2018-10-09 10:16:23 [ INFO ] [ DruidDataSource.java :1385(close)]  {dataSource-2} closed
2018-10-09 10:16:23 [ INFO ] [ DruidDataSource.java :1385(close)]  {dataSource-1} closed
2018-10-09 10:16:23 [ INFO ] [ AbstractConfig$1.java :450(run)]   [DUBBO] Run shutdown hook now., dubbo version: 2.5.3, current host: 127.0.0.1
2018-10-09 10:16:23 [ INFO ] [ AbstractRegistryFactory.java :63(destroyAll)]   [DUBBO] Close all registries [], dubbo version: 2.5.3, current host: 127.0.0.1
2018-10-09 10:19:13 [ INFO ] [ ?.java :?(?)]  using logger: com.alibaba.dubbo.common.logger.log4j.Log4jLoggerAdapter
2018-10-09 10:19:17 [ INFO ] [ DruidDataSource.java :669(init)]  {dataSource-1} inited
2018-10-09 10:19:17 [ INFO ] [ DruidDataSource.java :669(init)]  {dataSource-2} inited
2018-10-09 10:19:18 [ WARN ] [ ConfigurationFactory.java :136(parseConfiguration)]  No configuration found. Configuring ehcache from ehcache-failsafe.xml  found in the classpath: jar:file:/Users/hrym13/.m2/repository/net/sf/ehcache/ehcache/2.10.0/ehcache-2.10.0.jar!/ehcache-failsafe.xml
2018-10-09 10:19:21 [ INFO ] [ AbstractConfig$1.java :450(run)]   [DUBBO] Run shutdown hook now., dubbo version: 2.5.3, current host: 127.0.0.1
2018-10-09 10:19:21 [ INFO ] [ AbstractRegistryFactory.java :63(destroyAll)]   [DUBBO] Close all registries [], dubbo version: 2.5.3, current host: 127.0.0.1
2018-10-09 10:19:21 [ INFO ] [ DruidDataSource.java :1385(close)]  {dataSource-2} closed
2018-10-09 10:19:21 [ INFO ] [ DruidDataSource.java :1385(close)]  {dataSource-1} closed
2018-10-09 10:20:14 [ INFO ] [ ?.java :?(?)]  using logger: com.alibaba.dubbo.common.logger.log4j.Log4jLoggerAdapter
2018-10-09 10:20:19 [ INFO ] [ DruidDataSource.java :669(init)]  {dataSource-1} inited
2018-10-09 10:20:19 [ INFO ] [ DruidDataSource.java :669(init)]  {dataSource-2} inited
2018-10-09 10:20:20 [ WARN ] [ ConfigurationFactory.java :136(parseConfiguration)]  No configuration found. Configuring ehcache from ehcache-failsafe.xml  found in the classpath: jar:file:/Users/hrym13/.m2/repository/net/sf/ehcache/ehcache/2.10.0/ehcache-2.10.0.jar!/ehcache-failsafe.xml
2018-10-09 10:20:23 [ INFO ] [ AbstractConfig$1.java :450(run)]   [DUBBO] Run shutdown hook now., dubbo version: 2.5.3, current host: 127.0.0.1
2018-10-09 10:20:23 [ INFO ] [ AbstractRegistryFactory.java :63(destroyAll)]   [DUBBO] Close all registries [], dubbo version: 2.5.3, current host: 127.0.0.1
2018-10-09 10:20:23 [ INFO ] [ DruidDataSource.java :1385(close)]  {dataSource-2} closed
2018-10-09 10:20:23 [ INFO ] [ DruidDataSource.java :1385(close)]  {dataSource-1} closed
2018-10-09 10:21:22 [ INFO ] [ ?.java :?(?)]  using logger: com.alibaba.dubbo.common.logger.log4j.Log4jLoggerAdapter
2018-10-09 10:21:27 [ INFO ] [ DruidDataSource.java :669(init)]  {dataSource-1} inited
2018-10-09 10:21:27 [ INFO ] [ DruidDataSource.java :669(init)]  {dataSource-2} inited
2018-10-09 10:21:27 [ WARN ] [ ConfigurationFactory.java :136(parseConfiguration)]  No configuration found. Configuring ehcache from ehcache-failsafe.xml  found in the classpath: jar:file:/Users/hrym13/.m2/repository/net/sf/ehcache/ehcache/2.10.0/ehcache-2.10.0.jar!/ehcache-failsafe.xml
2018-10-09 10:21:31 [ INFO ] [ AbstractConfig$1.java :450(run)]   [DUBBO] Run shutdown hook now., dubbo version: 2.5.3, current host: 127.0.0.1
2018-10-09 10:21:31 [ INFO ] [ AbstractRegistryFactory.java :63(destroyAll)]   [DUBBO] Close all registries [], dubbo version: 2.5.3, current host: 127.0.0.1
2018-10-09 10:21:31 [ INFO ] [ DruidDataSource.java :1385(close)]  {dataSource-2} closed
2018-10-09 10:21:31 [ INFO ] [ DruidDataSource.java :1385(close)]  {dataSource-1} closed
2018-10-09 10:24:57 [ INFO ] [ ?.java :?(?)]  using logger: com.alibaba.dubbo.common.logger.log4j.Log4jLoggerAdapter
2018-10-09 10:25:01 [ INFO ] [ DruidDataSource.java :669(init)]  {dataSource-1} inited
2018-10-09 10:25:01 [ INFO ] [ DruidDataSource.java :669(init)]  {dataSource-2} inited
2018-10-09 10:25:02 [ WARN ] [ ConfigurationFactory.java :136(parseConfiguration)]  No configuration found. Configuring ehcache from ehcache-failsafe.xml  found in the classpath: jar:file:/Users/hrym13/.m2/repository/net/sf/ehcache/ehcache/2.10.0/ehcache-2.10.0.jar!/ehcache-failsafe.xml
2018-10-09 10:25:05 [ INFO ] [ AbstractConfig$1.java :450(run)]   [DUBBO] Run shutdown hook now., dubbo version: 2.5.3, current host: 127.0.0.1
2018-10-09 10:25:05 [ INFO ] [ AbstractRegistryFactory.java :63(destroyAll)]   [DUBBO] Close all registries [], dubbo version: 2.5.3, current host: 127.0.0.1
2018-10-09 10:25:05 [ INFO ] [ DruidDataSource.java :1385(close)]  {dataSource-2} closed
2018-10-09 10:25:05 [ INFO ] [ DruidDataSource.java :1385(close)]  {dataSource-1} closed
2018-10-09 10:26:17 [ INFO ] [ ?.java :?(?)]  using logger: com.alibaba.dubbo.common.logger.log4j.Log4jLoggerAdapter
2018-10-09 10:26:22 [ INFO ] [ DruidDataSource.java :669(init)]  {dataSource-1} inited
2018-10-09 10:26:22 [ INFO ] [ DruidDataSource.java :669(init)]  {dataSource-2} inited
2018-10-09 10:26:22 [ WARN ] [ ConfigurationFactory.java :136(parseConfiguration)]  No configuration found. Configuring ehcache from ehcache-failsafe.xml  found in the classpath: jar:file:/Users/hrym13/.m2/repository/net/sf/ehcache/ehcache/2.10.0/ehcache-2.10.0.jar!/ehcache-failsafe.xml
2018-10-09 10:26:40 [ ERROR ] [ BaseController.java :32(exceptionHandler)]  统一异常处理 start：
java.lang.NullPointerException
	at com.hrym.auth.controller.AttractUserActivityController.activityMainPage(AttractUserActivityController.java:46)
	at sun.reflect.NativeMethodAccessorImpl.invoke0(Native Method)
	at sun.reflect.NativeMethodAccessorImpl.invoke(NativeMethodAccessorImpl.java:62)
	at sun.reflect.DelegatingMethodAccessorImpl.invoke(DelegatingMethodAccessorImpl.java:43)
	at java.lang.reflect.Method.invoke(Method.java:498)
	at org.springframework.web.method.support.InvocableHandlerMethod.doInvoke(InvocableHandlerMethod.java:205)
	at org.springframework.web.method.support.InvocableHandlerMethod.invokeForRequest(InvocableHandlerMethod.java:133)
	at org.springframework.web.servlet.mvc.method.annotation.ServletInvocableHandlerMethod.invokeAndHandle(ServletInvocableHandlerMethod.java:116)
	at org.springframework.web.servlet.mvc.method.annotation.RequestMappingHandlerAdapter.invokeHandlerMethod(RequestMappingHandlerAdapter.java:827)
	at org.springframework.web.servlet.mvc.method.annotation.RequestMappingHandlerAdapter.handleInternal(RequestMappingHandlerAdapter.java:738)
	at org.springframework.web.servlet.mvc.method.AbstractHandlerMethodAdapter.handle(AbstractHandlerMethodAdapter.java:85)
	at org.springframework.web.servlet.DispatcherServlet.doDispatch(DispatcherServlet.java:963)
	at org.springframework.web.servlet.DispatcherServlet.doService(DispatcherServlet.java:897)
	at org.springframework.web.servlet.FrameworkServlet.processRequest(FrameworkServlet.java:970)
	at org.springframework.web.servlet.FrameworkServlet.doPost(FrameworkServlet.java:872)
	at javax.servlet.http.HttpServlet.service(HttpServlet.java:727)
	at org.springframework.web.servlet.FrameworkServlet.service(FrameworkServlet.java:846)
	at org.springframework.test.web.servlet.TestDispatcherServlet.service(TestDispatcherServlet.java:65)
	at javax.servlet.http.HttpServlet.service(HttpServlet.java:820)
	at org.springframework.mock.web.MockFilterChain$ServletFilterProxy.doFilter(MockFilterChain.java:167)
	at org.springframework.mock.web.MockFilterChain.doFilter(MockFilterChain.java:134)
	at org.springframework.test.web.servlet.MockMvc.perform(MockMvc.java:155)
	at com.hrym.auth.controller.AttractUserActivityControllerTest.activityMainPage(AttractUserActivityControllerTest.java:46)
	at sun.reflect.NativeMethodAccessorImpl.invoke0(Native Method)
	at sun.reflect.NativeMethodAccessorImpl.invoke(NativeMethodAccessorImpl.java:62)
	at sun.reflect.DelegatingMethodAccessorImpl.invoke(DelegatingMethodAccessorImpl.java:43)
	at java.lang.reflect.Method.invoke(Method.java:498)
	at org.junit.runners.model.FrameworkMethod$1.runReflectiveCall(FrameworkMethod.java:50)
	at org.junit.internal.runners.model.ReflectiveCallable.run(ReflectiveCallable.java:12)
	at org.junit.runners.model.FrameworkMethod.invokeExplosively(FrameworkMethod.java:47)
	at org.junit.internal.runners.statements.InvokeMethod.evaluate(InvokeMethod.java:17)
	at org.junit.internal.runners.statements.RunBefores.evaluate(RunBefores.java:26)
	at org.springframework.test.context.junit4.statements.RunBeforeTestMethodCallbacks.evaluate(RunBeforeTestMethodCallbacks.java:75)
	at org.junit.internal.runners.statements.RunAfters.evaluate(RunAfters.java:27)
	at org.springframework.test.context.junit4.statements.RunAfterTestMethodCallbacks.evaluate(RunAfterTestMethodCallbacks.java:86)
	at org.springframework.test.context.junit4.statements.SpringRepeat.evaluate(SpringRepeat.java:84)
	at org.junit.runners.ParentRunner.runLeaf(ParentRunner.java:325)
	at org.springframework.test.context.junit4.SpringJUnit4ClassRunner.runChild(SpringJUnit4ClassRunner.java:252)
	at org.springframework.test.context.junit4.SpringJUnit4ClassRunner.runChild(SpringJUnit4ClassRunner.java:94)
	at org.junit.runners.ParentRunner$3.run(ParentRunner.java:290)
	at org.junit.runners.ParentRunner$1.schedule(ParentRunner.java:71)
	at org.junit.runners.ParentRunner.runChildren(ParentRunner.java:288)
	at org.junit.runners.ParentRunner.access$000(ParentRunner.java:58)
	at org.junit.runners.ParentRunner$2.evaluate(ParentRunner.java:268)
	at org.springframework.test.context.junit4.statements.RunBeforeTestClassCallbacks.evaluate(RunBeforeTestClassCallbacks.java:61)
	at org.springframework.test.context.junit4.statements.RunAfterTestClassCallbacks.evaluate(RunAfterTestClassCallbacks.java:70)
	at org.junit.runners.ParentRunner.run(ParentRunner.java:363)
	at org.springframework.test.context.junit4.SpringJUnit4ClassRunner.run(SpringJUnit4ClassRunner.java:191)
	at org.junit.runner.JUnitCore.run(JUnitCore.java:137)
	at com.intellij.junit4.JUnit4IdeaTestRunner.startRunnerWithArgs(JUnit4IdeaTestRunner.java:68)
	at com.intellij.rt.execution.junit.IdeaTestRunner$Repeater.startRunnerWithArgs(IdeaTestRunner.java:51)
	at com.intellij.rt.execution.junit.JUnitStarter.prepareStreamsAndStart(JUnitStarter.java:242)
	at com.intellij.rt.execution.junit.JUnitStarter.main(JUnitStarter.java:70)
2018-10-09 10:26:40 [ ERROR ] [ BaseController.java :37(exceptionHandler)]  统一异常处理 end：
java.lang.NullPointerException
	at com.hrym.auth.controller.AttractUserActivityController.activityMainPage(AttractUserActivityController.java:46)
	at sun.reflect.NativeMethodAccessorImpl.invoke0(Native Method)
	at sun.reflect.NativeMethodAccessorImpl.invoke(NativeMethodAccessorImpl.java:62)
	at sun.reflect.DelegatingMethodAccessorImpl.invoke(DelegatingMethodAccessorImpl.java:43)
	at java.lang.reflect.Method.invoke(Method.java:498)
	at org.springframework.web.method.support.InvocableHandlerMethod.doInvoke(InvocableHandlerMethod.java:205)
	at org.springframework.web.method.support.InvocableHandlerMethod.invokeForRequest(InvocableHandlerMethod.java:133)
	at org.springframework.web.servlet.mvc.method.annotation.ServletInvocableHandlerMethod.invokeAndHandle(ServletInvocableHandlerMethod.java:116)
	at org.springframework.web.servlet.mvc.method.annotation.RequestMappingHandlerAdapter.invokeHandlerMethod(RequestMappingHandlerAdapter.java:827)
	at org.springframework.web.servlet.mvc.method.annotation.RequestMappingHandlerAdapter.handleInternal(RequestMappingHandlerAdapter.java:738)
	at org.springframework.web.servlet.mvc.method.AbstractHandlerMethodAdapter.handle(AbstractHandlerMethodAdapter.java:85)
	at org.springframework.web.servlet.DispatcherServlet.doDispatch(DispatcherServlet.java:963)
	at org.springframework.web.servlet.DispatcherServlet.doService(DispatcherServlet.java:897)
	at org.springframework.web.servlet.FrameworkServlet.processRequest(FrameworkServlet.java:970)
	at org.springframework.web.servlet.FrameworkServlet.doPost(FrameworkServlet.java:872)
	at javax.servlet.http.HttpServlet.service(HttpServlet.java:727)
	at org.springframework.web.servlet.FrameworkServlet.service(FrameworkServlet.java:846)
	at org.springframework.test.web.servlet.TestDispatcherServlet.service(TestDispatcherServlet.java:65)
	at javax.servlet.http.HttpServlet.service(HttpServlet.java:820)
	at org.springframework.mock.web.MockFilterChain$ServletFilterProxy.doFilter(MockFilterChain.java:167)
	at org.springframework.mock.web.MockFilterChain.doFilter(MockFilterChain.java:134)
	at org.springframework.test.web.servlet.MockMvc.perform(MockMvc.java:155)
	at com.hrym.auth.controller.AttractUserActivityControllerTest.activityMainPage(AttractUserActivityControllerTest.java:46)
	at sun.reflect.NativeMethodAccessorImpl.invoke0(Native Method)
	at sun.reflect.NativeMethodAccessorImpl.invoke(NativeMethodAccessorImpl.java:62)
	at sun.reflect.DelegatingMethodAccessorImpl.invoke(DelegatingMethodAccessorImpl.java:43)
	at java.lang.reflect.Method.invoke(Method.java:498)
	at org.junit.runners.model.FrameworkMethod$1.runReflectiveCall(FrameworkMethod.java:50)
	at org.junit.internal.runners.model.ReflectiveCallable.run(ReflectiveCallable.java:12)
	at org.junit.runners.model.FrameworkMethod.invokeExplosively(FrameworkMethod.java:47)
	at org.junit.internal.runners.statements.InvokeMethod.evaluate(InvokeMethod.java:17)
	at org.junit.internal.runners.statements.RunBefores.evaluate(RunBefores.java:26)
	at org.springframework.test.context.junit4.statements.RunBeforeTestMethodCallbacks.evaluate(RunBeforeTestMethodCallbacks.java:75)
	at org.junit.internal.runners.statements.RunAfters.evaluate(RunAfters.java:27)
	at org.springframework.test.context.junit4.statements.RunAfterTestMethodCallbacks.evaluate(RunAfterTestMethodCallbacks.java:86)
	at org.springframework.test.context.junit4.statements.SpringRepeat.evaluate(SpringRepeat.java:84)
	at org.junit.runners.ParentRunner.runLeaf(ParentRunner.java:325)
	at org.springframework.test.context.junit4.SpringJUnit4ClassRunner.runChild(SpringJUnit4ClassRunner.java:252)
	at org.springframework.test.context.junit4.SpringJUnit4ClassRunner.runChild(SpringJUnit4ClassRunner.java:94)
	at org.junit.runners.ParentRunner$3.run(ParentRunner.java:290)
	at org.junit.runners.ParentRunner$1.schedule(ParentRunner.java:71)
	at org.junit.runners.ParentRunner.runChildren(ParentRunner.java:288)
	at org.junit.runners.ParentRunner.access$000(ParentRunner.java:58)
	at org.junit.runners.ParentRunner$2.evaluate(ParentRunner.java:268)
	at org.springframework.test.context.junit4.statements.RunBeforeTestClassCallbacks.evaluate(RunBeforeTestClassCallbacks.java:61)
	at org.springframework.test.context.junit4.statements.RunAfterTestClassCallbacks.evaluate(RunAfterTestClassCallbacks.java:70)
	at org.junit.runners.ParentRunner.run(ParentRunner.java:363)
	at org.springframework.test.context.junit4.SpringJUnit4ClassRunner.run(SpringJUnit4ClassRunner.java:191)
	at org.junit.runner.JUnitCore.run(JUnitCore.java:137)
	at com.intellij.junit4.JUnit4IdeaTestRunner.startRunnerWithArgs(JUnit4IdeaTestRunner.java:68)
	at com.intellij.rt.execution.junit.IdeaTestRunner$Repeater.startRunnerWithArgs(IdeaTestRunner.java:51)
	at com.intellij.rt.execution.junit.JUnitStarter.prepareStreamsAndStart(JUnitStarter.java:242)
	at com.intellij.rt.execution.junit.JUnitStarter.main(JUnitStarter.java:70)
2018-10-09 10:26:40 [ INFO ] [ AbstractConfig$1.java :450(run)]   [DUBBO] Run shutdown hook now., dubbo version: 2.5.3, current host: 127.0.0.1
2018-10-09 10:26:40 [ INFO ] [ AbstractRegistryFactory.java :63(destroyAll)]   [DUBBO] Close all registries [], dubbo version: 2.5.3, current host: 127.0.0.1
2018-10-09 10:26:40 [ INFO ] [ DruidDataSource.java :1385(close)]  {dataSource-2} closed
2018-10-09 10:26:40 [ INFO ] [ DruidDataSource.java :1385(close)]  {dataSource-1} closed
2018-10-09 10:26:50 [ INFO ] [ ?.java :?(?)]  using logger: com.alibaba.dubbo.common.logger.log4j.Log4jLoggerAdapter
2018-10-09 10:26:58 [ INFO ] [ DruidDataSource.java :669(init)]  {dataSource-1} inited
2018-10-09 10:26:58 [ INFO ] [ DruidDataSource.java :669(init)]  {dataSource-2} inited
2018-10-09 10:26:58 [ WARN ] [ ConfigurationFactory.java :136(parseConfiguration)]  No configuration found. Configuring ehcache from ehcache-failsafe.xml  found in the classpath: jar:file:/Users/hrym13/.m2/repository/net/sf/ehcache/ehcache/2.10.0/ehcache-2.10.0.jar!/ehcache-failsafe.xml
2018-10-09 10:27:02 [ ERROR ] [ BaseController.java :32(exceptionHandler)]  统一异常处理 start：
java.lang.NullPointerException
	at com.hrym.auth.controller.AttractUserActivityController.activityMainPage(AttractUserActivityController.java:46)
	at sun.reflect.NativeMethodAccessorImpl.invoke0(Native Method)
	at sun.reflect.NativeMethodAccessorImpl.invoke(NativeMethodAccessorImpl.java:62)
	at sun.reflect.DelegatingMethodAccessorImpl.invoke(DelegatingMethodAccessorImpl.java:43)
	at java.lang.reflect.Method.invoke(Method.java:498)
	at org.springframework.web.method.support.InvocableHandlerMethod.doInvoke(InvocableHandlerMethod.java:205)
	at org.springframework.web.method.support.InvocableHandlerMethod.invokeForRequest(InvocableHandlerMethod.java:133)
	at org.springframework.web.servlet.mvc.method.annotation.ServletInvocableHandlerMethod.invokeAndHandle(ServletInvocableHandlerMethod.java:116)
	at org.springframework.web.servlet.mvc.method.annotation.RequestMappingHandlerAdapter.invokeHandlerMethod(RequestMappingHandlerAdapter.java:827)
	at org.springframework.web.servlet.mvc.method.annotation.RequestMappingHandlerAdapter.handleInternal(RequestMappingHandlerAdapter.java:738)
	at org.springframework.web.servlet.mvc.method.AbstractHandlerMethodAdapter.handle(AbstractHandlerMethodAdapter.java:85)
	at org.springframework.web.servlet.DispatcherServlet.doDispatch(DispatcherServlet.java:963)
	at org.springframework.web.servlet.DispatcherServlet.doService(DispatcherServlet.java:897)
	at org.springframework.web.servlet.FrameworkServlet.processRequest(FrameworkServlet.java:970)
	at org.springframework.web.servlet.FrameworkServlet.doPost(FrameworkServlet.java:872)
	at javax.servlet.http.HttpServlet.service(HttpServlet.java:727)
	at org.springframework.web.servlet.FrameworkServlet.service(FrameworkServlet.java:846)
	at org.springframework.test.web.servlet.TestDispatcherServlet.service(TestDispatcherServlet.java:65)
	at javax.servlet.http.HttpServlet.service(HttpServlet.java:820)
	at org.springframework.mock.web.MockFilterChain$ServletFilterProxy.doFilter(MockFilterChain.java:167)
	at org.springframework.mock.web.MockFilterChain.doFilter(MockFilterChain.java:134)
	at org.springframework.test.web.servlet.MockMvc.perform(MockMvc.java:155)
	at com.hrym.auth.controller.AttractUserActivityControllerTest.activityMainPage(AttractUserActivityControllerTest.java:46)
	at sun.reflect.NativeMethodAccessorImpl.invoke0(Native Method)
	at sun.reflect.NativeMethodAccessorImpl.invoke(NativeMethodAccessorImpl.java:62)
	at sun.reflect.DelegatingMethodAccessorImpl.invoke(DelegatingMethodAccessorImpl.java:43)
	at java.lang.reflect.Method.invoke(Method.java:498)
	at org.junit.runners.model.FrameworkMethod$1.runReflectiveCall(FrameworkMethod.java:50)
	at org.junit.internal.runners.model.ReflectiveCallable.run(ReflectiveCallable.java:12)
	at org.junit.runners.model.FrameworkMethod.invokeExplosively(FrameworkMethod.java:47)
	at org.junit.internal.runners.statements.InvokeMethod.evaluate(InvokeMethod.java:17)
	at org.junit.internal.runners.statements.RunBefores.evaluate(RunBefores.java:26)
	at org.springframework.test.context.junit4.statements.RunBeforeTestMethodCallbacks.evaluate(RunBeforeTestMethodCallbacks.java:75)
	at org.junit.internal.runners.statements.RunAfters.evaluate(RunAfters.java:27)
	at org.springframework.test.context.junit4.statements.RunAfterTestMethodCallbacks.evaluate(RunAfterTestMethodCallbacks.java:86)
	at org.springframework.test.context.junit4.statements.SpringRepeat.evaluate(SpringRepeat.java:84)
	at org.junit.runners.ParentRunner.runLeaf(ParentRunner.java:325)
	at org.springframework.test.context.junit4.SpringJUnit4ClassRunner.runChild(SpringJUnit4ClassRunner.java:252)
	at org.springframework.test.context.junit4.SpringJUnit4ClassRunner.runChild(SpringJUnit4ClassRunner.java:94)
	at org.junit.runners.ParentRunner$3.run(ParentRunner.java:290)
	at org.junit.runners.ParentRunner$1.schedule(ParentRunner.java:71)
	at org.junit.runners.ParentRunner.runChildren(ParentRunner.java:288)
	at org.junit.runners.ParentRunner.access$000(ParentRunner.java:58)
	at org.junit.runners.ParentRunner$2.evaluate(ParentRunner.java:268)
	at org.springframework.test.context.junit4.statements.RunBeforeTestClassCallbacks.evaluate(RunBeforeTestClassCallbacks.java:61)
	at org.springframework.test.context.junit4.statements.RunAfterTestClassCallbacks.evaluate(RunAfterTestClassCallbacks.java:70)
	at org.junit.runners.ParentRunner.run(ParentRunner.java:363)
	at org.springframework.test.context.junit4.SpringJUnit4ClassRunner.run(SpringJUnit4ClassRunner.java:191)
	at org.junit.runner.JUnitCore.run(JUnitCore.java:137)
	at com.intellij.junit4.JUnit4IdeaTestRunner.startRunnerWithArgs(JUnit4IdeaTestRunner.java:68)
	at com.intellij.rt.execution.junit.IdeaTestRunner$Repeater.startRunnerWithArgs(IdeaTestRunner.java:51)
	at com.intellij.rt.execution.junit.JUnitStarter.prepareStreamsAndStart(JUnitStarter.java:242)
	at com.intellij.rt.execution.junit.JUnitStarter.main(JUnitStarter.java:70)
2018-10-09 10:27:02 [ ERROR ] [ BaseController.java :37(exceptionHandler)]  统一异常处理 end：
java.lang.NullPointerException
	at com.hrym.auth.controller.AttractUserActivityController.activityMainPage(AttractUserActivityController.java:46)
	at sun.reflect.NativeMethodAccessorImpl.invoke0(Native Method)
	at sun.reflect.NativeMethodAccessorImpl.invoke(NativeMethodAccessorImpl.java:62)
	at sun.reflect.DelegatingMethodAccessorImpl.invoke(DelegatingMethodAccessorImpl.java:43)
	at java.lang.reflect.Method.invoke(Method.java:498)
	at org.springframework.web.method.support.InvocableHandlerMethod.doInvoke(InvocableHandlerMethod.java:205)
	at org.springframework.web.method.support.InvocableHandlerMethod.invokeForRequest(InvocableHandlerMethod.java:133)
	at org.springframework.web.servlet.mvc.method.annotation.ServletInvocableHandlerMethod.invokeAndHandle(ServletInvocableHandlerMethod.java:116)
	at org.springframework.web.servlet.mvc.method.annotation.RequestMappingHandlerAdapter.invokeHandlerMethod(RequestMappingHandlerAdapter.java:827)
	at org.springframework.web.servlet.mvc.method.annotation.RequestMappingHandlerAdapter.handleInternal(RequestMappingHandlerAdapter.java:738)
	at org.springframework.web.servlet.mvc.method.AbstractHandlerMethodAdapter.handle(AbstractHandlerMethodAdapter.java:85)
	at org.springframework.web.servlet.DispatcherServlet.doDispatch(DispatcherServlet.java:963)
	at org.springframework.web.servlet.DispatcherServlet.doService(DispatcherServlet.java:897)
	at org.springframework.web.servlet.FrameworkServlet.processRequest(FrameworkServlet.java:970)
	at org.springframework.web.servlet.FrameworkServlet.doPost(FrameworkServlet.java:872)
	at javax.servlet.http.HttpServlet.service(HttpServlet.java:727)
	at org.springframework.web.servlet.FrameworkServlet.service(FrameworkServlet.java:846)
	at org.springframework.test.web.servlet.TestDispatcherServlet.service(TestDispatcherServlet.java:65)
	at javax.servlet.http.HttpServlet.service(HttpServlet.java:820)
	at org.springframework.mock.web.MockFilterChain$ServletFilterProxy.doFilter(MockFilterChain.java:167)
	at org.springframework.mock.web.MockFilterChain.doFilter(MockFilterChain.java:134)
	at org.springframework.test.web.servlet.MockMvc.perform(MockMvc.java:155)
	at com.hrym.auth.controller.AttractUserActivityControllerTest.activityMainPage(AttractUserActivityControllerTest.java:46)
	at sun.reflect.NativeMethodAccessorImpl.invoke0(Native Method)
	at sun.reflect.NativeMethodAccessorImpl.invoke(NativeMethodAccessorImpl.java:62)
	at sun.reflect.DelegatingMethodAccessorImpl.invoke(DelegatingMethodAccessorImpl.java:43)
	at java.lang.reflect.Method.invoke(Method.java:498)
	at org.junit.runners.model.FrameworkMethod$1.runReflectiveCall(FrameworkMethod.java:50)
	at org.junit.internal.runners.model.ReflectiveCallable.run(ReflectiveCallable.java:12)
	at org.junit.runners.model.FrameworkMethod.invokeExplosively(FrameworkMethod.java:47)
	at org.junit.internal.runners.statements.InvokeMethod.evaluate(InvokeMethod.java:17)
	at org.junit.internal.runners.statements.RunBefores.evaluate(RunBefores.java:26)
	at org.springframework.test.context.junit4.statements.RunBeforeTestMethodCallbacks.evaluate(RunBeforeTestMethodCallbacks.java:75)
	at org.junit.internal.runners.statements.RunAfters.evaluate(RunAfters.java:27)
	at org.springframework.test.context.junit4.statements.RunAfterTestMethodCallbacks.evaluate(RunAfterTestMethodCallbacks.java:86)
	at org.springframework.test.context.junit4.statements.SpringRepeat.evaluate(SpringRepeat.java:84)
	at org.junit.runners.ParentRunner.runLeaf(ParentRunner.java:325)
	at org.springframework.test.context.junit4.SpringJUnit4ClassRunner.runChild(SpringJUnit4ClassRunner.java:252)
	at org.springframework.test.context.junit4.SpringJUnit4ClassRunner.runChild(SpringJUnit4ClassRunner.java:94)
	at org.junit.runners.ParentRunner$3.run(ParentRunner.java:290)
	at org.junit.runners.ParentRunner$1.schedule(ParentRunner.java:71)
	at org.junit.runners.ParentRunner.runChildren(ParentRunner.java:288)
	at org.junit.runners.ParentRunner.access$000(ParentRunner.java:58)
	at org.junit.runners.ParentRunner$2.evaluate(ParentRunner.java:268)
	at org.springframework.test.context.junit4.statements.RunBeforeTestClassCallbacks.evaluate(RunBeforeTestClassCallbacks.java:61)
	at org.springframework.test.context.junit4.statements.RunAfterTestClassCallbacks.evaluate(RunAfterTestClassCallbacks.java:70)
	at org.junit.runners.ParentRunner.run(ParentRunner.java:363)
	at org.springframework.test.context.junit4.SpringJUnit4ClassRunner.run(SpringJUnit4ClassRunner.java:191)
	at org.junit.runner.JUnitCore.run(JUnitCore.java:137)
	at com.intellij.junit4.JUnit4IdeaTestRunner.startRunnerWithArgs(JUnit4IdeaTestRunner.java:68)
	at com.intellij.rt.execution.junit.IdeaTestRunner$Repeater.startRunnerWithArgs(IdeaTestRunner.java:51)
	at com.intellij.rt.execution.junit.JUnitStarter.prepareStreamsAndStart(JUnitStarter.java:242)
	at com.intellij.rt.execution.junit.JUnitStarter.main(JUnitStarter.java:70)
2018-10-09 10:27:03 [ INFO ] [ AbstractConfig$1.java :450(run)]   [DUBBO] Run shutdown hook now., dubbo version: 2.5.3, current host: 127.0.0.1
2018-10-09 10:27:03 [ INFO ] [ AbstractRegistryFactory.java :63(destroyAll)]   [DUBBO] Close all registries [], dubbo version: 2.5.3, current host: 127.0.0.1
2018-10-09 10:27:03 [ INFO ] [ DruidDataSource.java :1385(close)]  {dataSource-2} closed
2018-10-09 10:27:03 [ INFO ] [ DruidDataSource.java :1385(close)]  {dataSource-1} closed
2018-10-09 10:29:59 [ INFO ] [ ?.java :?(?)]  using logger: com.alibaba.dubbo.common.logger.log4j.Log4jLoggerAdapter
2018-10-09 10:30:03 [ INFO ] [ DruidDataSource.java :669(init)]  {dataSource-1} inited
2018-10-09 10:30:03 [ INFO ] [ DruidDataSource.java :669(init)]  {dataSource-2} inited
2018-10-09 10:30:03 [ WARN ] [ ConfigurationFactory.java :136(parseConfiguration)]  No configuration found. Configuring ehcache from ehcache-failsafe.xml  found in the classpath: jar:file:/Users/hrym13/.m2/repository/net/sf/ehcache/ehcache/2.10.0/ehcache-2.10.0.jar!/ehcache-failsafe.xml
2018-10-09 10:30:07 [ INFO ] [ AbstractConfig$1.java :450(run)]   [DUBBO] Run shutdown hook now., dubbo version: 2.5.3, current host: 127.0.0.1
2018-10-09 10:30:07 [ INFO ] [ AbstractRegistryFactory.java :63(destroyAll)]   [DUBBO] Close all registries [], dubbo version: 2.5.3, current host: 127.0.0.1
2018-10-09 10:30:07 [ INFO ] [ DruidDataSource.java :1385(close)]  {dataSource-2} closed
2018-10-09 10:30:07 [ INFO ] [ DruidDataSource.java :1385(close)]  {dataSource-1} closed
2018-10-09 10:30:32 [ INFO ] [ ?.java :?(?)]  using logger: com.alibaba.dubbo.common.logger.log4j.Log4jLoggerAdapter
2018-10-09 10:30:36 [ INFO ] [ DruidDataSource.java :669(init)]  {dataSource-1} inited
2018-10-09 10:30:36 [ INFO ] [ DruidDataSource.java :669(init)]  {dataSource-2} inited
2018-10-09 10:30:37 [ WARN ] [ ConfigurationFactory.java :136(parseConfiguration)]  No configuration found. Configuring ehcache from ehcache-failsafe.xml  found in the classpath: jar:file:/Users/hrym13/.m2/repository/net/sf/ehcache/ehcache/2.10.0/ehcache-2.10.0.jar!/ehcache-failsafe.xml
2018-10-09 10:30:41 [ INFO ] [ AbstractConfig$1.java :450(run)]   [DUBBO] Run shutdown hook now., dubbo version: 2.5.3, current host: 127.0.0.1
2018-10-09 10:30:41 [ INFO ] [ DruidDataSource.java :1385(close)]  {dataSource-2} closed
2018-10-09 10:30:41 [ INFO ] [ AbstractRegistryFactory.java :63(destroyAll)]   [DUBBO] Close all registries [], dubbo version: 2.5.3, current host: 127.0.0.1
2018-10-09 10:30:41 [ INFO ] [ DruidDataSource.java :1385(close)]  {dataSource-1} closed
2018-10-09 10:31:58 [ INFO ] [ ?.java :?(?)]  using logger: com.alibaba.dubbo.common.logger.log4j.Log4jLoggerAdapter
2018-10-09 10:32:03 [ INFO ] [ DruidDataSource.java :669(init)]  {dataSource-1} inited
2018-10-09 10:32:03 [ INFO ] [ DruidDataSource.java :669(init)]  {dataSource-2} inited
2018-10-09 10:32:04 [ WARN ] [ ConfigurationFactory.java :136(parseConfiguration)]  No configuration found. Configuring ehcache from ehcache-failsafe.xml  found in the classpath: jar:file:/Users/hrym13/.m2/repository/net/sf/ehcache/ehcache/2.10.0/ehcache-2.10.0.jar!/ehcache-failsafe.xml
2018-10-09 10:32:08 [ INFO ] [ AbstractConfig$1.java :450(run)]   [DUBBO] Run shutdown hook now., dubbo version: 2.5.3, current host: 127.0.0.1
2018-10-09 10:32:08 [ INFO ] [ AbstractRegistryFactory.java :63(destroyAll)]   [DUBBO] Close all registries [], dubbo version: 2.5.3, current host: 127.0.0.1
2018-10-09 10:32:08 [ INFO ] [ DruidDataSource.java :1385(close)]  {dataSource-2} closed
2018-10-09 10:32:08 [ INFO ] [ DruidDataSource.java :1385(close)]  {dataSource-1} closed
2018-10-09 10:32:27 [ INFO ] [ ?.java :?(?)]  using logger: com.alibaba.dubbo.common.logger.log4j.Log4jLoggerAdapter
2018-10-09 10:32:31 [ INFO ] [ DruidDataSource.java :669(init)]  {dataSource-1} inited
2018-10-09 10:32:31 [ INFO ] [ DruidDataSource.java :669(init)]  {dataSource-2} inited
2018-10-09 10:32:32 [ WARN ] [ ConfigurationFactory.java :136(parseConfiguration)]  No configuration found. Configuring ehcache from ehcache-failsafe.xml  found in the classpath: jar:file:/Users/hrym13/.m2/repository/net/sf/ehcache/ehcache/2.10.0/ehcache-2.10.0.jar!/ehcache-failsafe.xml
2018-10-09 10:32:35 [ INFO ] [ AbstractConfig$1.java :450(run)]   [DUBBO] Run shutdown hook now., dubbo version: 2.5.3, current host: 127.0.0.1
2018-10-09 10:32:35 [ INFO ] [ AbstractRegistryFactory.java :63(destroyAll)]   [DUBBO] Close all registries [], dubbo version: 2.5.3, current host: 127.0.0.1
2018-10-09 10:32:35 [ INFO ] [ DruidDataSource.java :1385(close)]  {dataSource-2} closed
2018-10-09 10:32:35 [ INFO ] [ DruidDataSource.java :1385(close)]  {dataSource-1} closed
2018-10-09 10:33:08 [ INFO ] [ ?.java :?(?)]  using logger: com.alibaba.dubbo.common.logger.log4j.Log4jLoggerAdapter
2018-10-09 10:33:12 [ INFO ] [ DruidDataSource.java :669(init)]  {dataSource-1} inited
2018-10-09 10:33:13 [ INFO ] [ DruidDataSource.java :669(init)]  {dataSource-2} inited
2018-10-09 10:33:13 [ WARN ] [ ConfigurationFactory.java :136(parseConfiguration)]  No configuration found. Configuring ehcache from ehcache-failsafe.xml  found in the classpath: jar:file:/Users/hrym13/.m2/repository/net/sf/ehcache/ehcache/2.10.0/ehcache-2.10.0.jar!/ehcache-failsafe.xml
2018-10-09 10:33:16 [ INFO ] [ AbstractConfig$1.java :450(run)]   [DUBBO] Run shutdown hook now., dubbo version: 2.5.3, current host: 127.0.0.1
2018-10-09 10:33:16 [ INFO ] [ AbstractRegistryFactory.java :63(destroyAll)]   [DUBBO] Close all registries [], dubbo version: 2.5.3, current host: 127.0.0.1
2018-10-09 10:33:16 [ INFO ] [ DruidDataSource.java :1385(close)]  {dataSource-2} closed
2018-10-09 10:33:16 [ INFO ] [ DruidDataSource.java :1385(close)]  {dataSource-1} closed
2018-10-09 10:33:35 [ INFO ] [ ?.java :?(?)]  using logger: com.alibaba.dubbo.common.logger.log4j.Log4jLoggerAdapter
2018-10-09 10:33:39 [ INFO ] [ DruidDataSource.java :669(init)]  {dataSource-1} inited
2018-10-09 10:33:39 [ INFO ] [ DruidDataSource.java :669(init)]  {dataSource-2} inited
2018-10-09 10:33:39 [ WARN ] [ ConfigurationFactory.java :136(parseConfiguration)]  No configuration found. Configuring ehcache from ehcache-failsafe.xml  found in the classpath: jar:file:/Users/hrym13/.m2/repository/net/sf/ehcache/ehcache/2.10.0/ehcache-2.10.0.jar!/ehcache-failsafe.xml
2018-10-09 10:33:42 [ INFO ] [ AbstractConfig$1.java :450(run)]   [DUBBO] Run shutdown hook now., dubbo version: 2.5.3, current host: 127.0.0.1
2018-10-09 10:33:42 [ INFO ] [ AbstractRegistryFactory.java :63(destroyAll)]   [DUBBO] Close all registries [], dubbo version: 2.5.3, current host: 127.0.0.1
2018-10-09 10:33:42 [ INFO ] [ DruidDataSource.java :1385(close)]  {dataSource-2} closed
2018-10-09 10:33:42 [ INFO ] [ DruidDataSource.java :1385(close)]  {dataSource-1} closed
2018-10-09 10:34:13 [ INFO ] [ ?.java :?(?)]  using logger: com.alibaba.dubbo.common.logger.log4j.Log4jLoggerAdapter
2018-10-09 10:34:17 [ INFO ] [ DruidDataSource.java :669(init)]  {dataSource-1} inited
2018-10-09 10:34:17 [ INFO ] [ DruidDataSource.java :669(init)]  {dataSource-2} inited
2018-10-09 10:34:18 [ WARN ] [ ConfigurationFactory.java :136(parseConfiguration)]  No configuration found. Configuring ehcache from ehcache-failsafe.xml  found in the classpath: jar:file:/Users/hrym13/.m2/repository/net/sf/ehcache/ehcache/2.10.0/ehcache-2.10.0.jar!/ehcache-failsafe.xml
2018-10-09 10:34:21 [ INFO ] [ AbstractConfig$1.java :450(run)]   [DUBBO] Run shutdown hook now., dubbo version: 2.5.3, current host: 127.0.0.1
2018-10-09 10:34:21 [ INFO ] [ AbstractRegistryFactory.java :63(destroyAll)]   [DUBBO] Close all registries [], dubbo version: 2.5.3, current host: 127.0.0.1
2018-10-09 10:34:21 [ INFO ] [ DruidDataSource.java :1385(close)]  {dataSource-2} closed
2018-10-09 10:34:21 [ INFO ] [ DruidDataSource.java :1385(close)]  {dataSource-1} closed
2018-10-09 10:34:55 [ INFO ] [ ?.java :?(?)]  using logger: com.alibaba.dubbo.common.logger.log4j.Log4jLoggerAdapter
2018-10-09 10:34:58 [ INFO ] [ DruidDataSource.java :669(init)]  {dataSource-1} inited
2018-10-09 10:34:59 [ INFO ] [ DruidDataSource.java :669(init)]  {dataSource-2} inited
2018-10-09 10:34:59 [ WARN ] [ ConfigurationFactory.java :136(parseConfiguration)]  No configuration found. Configuring ehcache from ehcache-failsafe.xml  found in the classpath: jar:file:/Users/hrym13/.m2/repository/net/sf/ehcache/ehcache/2.10.0/ehcache-2.10.0.jar!/ehcache-failsafe.xml
2018-10-09 10:35:03 [ INFO ] [ AbstractConfig$1.java :450(run)]   [DUBBO] Run shutdown hook now., dubbo version: 2.5.3, current host: 127.0.0.1
2018-10-09 10:35:03 [ INFO ] [ AbstractRegistryFactory.java :63(destroyAll)]   [DUBBO] Close all registries [], dubbo version: 2.5.3, current host: 127.0.0.1
2018-10-09 10:35:03 [ INFO ] [ DruidDataSource.java :1385(close)]  {dataSource-2} closed
2018-10-09 10:35:03 [ INFO ] [ DruidDataSource.java :1385(close)]  {dataSource-1} closed
2018-10-09 10:36:15 [ INFO ] [ ?.java :?(?)]  using logger: com.alibaba.dubbo.common.logger.log4j.Log4jLoggerAdapter
2018-10-09 10:36:19 [ INFO ] [ DruidDataSource.java :669(init)]  {dataSource-1} inited
2018-10-09 10:36:19 [ INFO ] [ DruidDataSource.java :669(init)]  {dataSource-2} inited
2018-10-09 10:36:20 [ WARN ] [ ConfigurationFactory.java :136(parseConfiguration)]  No configuration found. Configuring ehcache from ehcache-failsafe.xml  found in the classpath: jar:file:/Users/hrym13/.m2/repository/net/sf/ehcache/ehcache/2.10.0/ehcache-2.10.0.jar!/ehcache-failsafe.xml
2018-10-09 10:36:23 [ ERROR ] [ TestContextManager.java :234(prepareTestInstance)]  Caught exception while allowing TestExecutionListener [org.springframework.test.context.support.DependencyInjectionTestExecutionListener@1c815814] to prepare test instance [com.hrym.auth.controller.AttractUserActivityControllerTest@14af73e1]
org.springframework.beans.factory.UnsatisfiedDependencyException: Error creating bean with name 'com.hrym.auth.controller.AttractUserActivityControllerTest': Unsatisfied dependency expressed through field 'attractUserActivityController'; nested exception is org.springframework.beans.factory.NoSuchBeanDefinitionException: No qualifying bean of type 'com.hrym.auth.controller.AttractUserActivityController' available: expected at least 1 bean which qualifies as autowire candidate. Dependency annotations: {@org.springframework.beans.factory.annotation.Autowired(required=true)}
	at org.springframework.beans.factory.annotation.AutowiredAnnotationBeanPostProcessor$AutowiredFieldElement.inject(AutowiredAnnotationBeanPostProcessor.java:588)
	at org.springframework.beans.factory.annotation.InjectionMetadata.inject(InjectionMetadata.java:88)
	at org.springframework.beans.factory.annotation.AutowiredAnnotationBeanPostProcessor.postProcessPropertyValues(AutowiredAnnotationBeanPostProcessor.java:366)
	at org.springframework.beans.factory.support.AbstractAutowireCapableBeanFactory.populateBean(AbstractAutowireCapableBeanFactory.java:1264)
	at org.springframework.beans.factory.support.AbstractAutowireCapableBeanFactory.autowireBeanProperties(AbstractAutowireCapableBeanFactory.java:386)
	at org.springframework.test.context.support.DependencyInjectionTestExecutionListener.injectDependencies(DependencyInjectionTestExecutionListener.java:118)
	at org.springframework.test.context.support.DependencyInjectionTestExecutionListener.prepareTestInstance(DependencyInjectionTestExecutionListener.java:83)
	at org.springframework.test.context.TestContextManager.prepareTestInstance(TestContextManager.java:230)
	at org.springframework.test.context.junit4.SpringJUnit4ClassRunner.createTest(SpringJUnit4ClassRunner.java:228)
	at org.springframework.test.context.junit4.SpringJUnit4ClassRunner$1.runReflectiveCall(SpringJUnit4ClassRunner.java:287)
	at org.junit.internal.runners.model.ReflectiveCallable.run(ReflectiveCallable.java:12)
	at org.springframework.test.context.junit4.SpringJUnit4ClassRunner.methodBlock(SpringJUnit4ClassRunner.java:289)
	at org.springframework.test.context.junit4.SpringJUnit4ClassRunner.runChild(SpringJUnit4ClassRunner.java:247)
	at org.springframework.test.context.junit4.SpringJUnit4ClassRunner.runChild(SpringJUnit4ClassRunner.java:94)
	at org.junit.runners.ParentRunner$3.run(ParentRunner.java:290)
	at org.junit.runners.ParentRunner$1.schedule(ParentRunner.java:71)
	at org.junit.runners.ParentRunner.runChildren(ParentRunner.java:288)
	at org.junit.runners.ParentRunner.access$000(ParentRunner.java:58)
	at org.junit.runners.ParentRunner$2.evaluate(ParentRunner.java:268)
	at org.springframework.test.context.junit4.statements.RunBeforeTestClassCallbacks.evaluate(RunBeforeTestClassCallbacks.java:61)
	at org.springframework.test.context.junit4.statements.RunAfterTestClassCallbacks.evaluate(RunAfterTestClassCallbacks.java:70)
	at org.junit.runners.ParentRunner.run(ParentRunner.java:363)
	at org.springframework.test.context.junit4.SpringJUnit4ClassRunner.run(SpringJUnit4ClassRunner.java:191)
	at org.junit.runner.JUnitCore.run(JUnitCore.java:137)
	at com.intellij.junit4.JUnit4IdeaTestRunner.startRunnerWithArgs(JUnit4IdeaTestRunner.java:68)
	at com.intellij.rt.execution.junit.IdeaTestRunner$Repeater.startRunnerWithArgs(IdeaTestRunner.java:51)
	at com.intellij.rt.execution.junit.JUnitStarter.prepareStreamsAndStart(JUnitStarter.java:242)
	at com.intellij.rt.execution.junit.JUnitStarter.main(JUnitStarter.java:70)
Caused by: org.springframework.beans.factory.NoSuchBeanDefinitionException: No qualifying bean of type 'com.hrym.auth.controller.AttractUserActivityController' available: expected at least 1 bean which qualifies as autowire candidate. Dependency annotations: {@org.springframework.beans.factory.annotation.Autowired(required=true)}
	at org.springframework.beans.factory.support.DefaultListableBeanFactory.raiseNoMatchingBeanFound(DefaultListableBeanFactory.java:1486)
	at org.springframework.beans.factory.support.DefaultListableBeanFactory.doResolveDependency(DefaultListableBeanFactory.java:1104)
	at org.springframework.beans.factory.support.DefaultListableBeanFactory.resolveDependency(DefaultListableBeanFactory.java:1066)
	at org.springframework.beans.factory.annotation.AutowiredAnnotationBeanPostProcessor$AutowiredFieldElement.inject(AutowiredAnnotationBeanPostProcessor.java:585)
	... 27 more
2018-10-09 10:36:23 [ INFO ] [ AbstractConfig$1.java :450(run)]   [DUBBO] Run shutdown hook now., dubbo version: 2.5.3, current host: 127.0.0.1
2018-10-09 10:36:23 [ INFO ] [ AbstractRegistryFactory.java :63(destroyAll)]   [DUBBO] Close all registries [], dubbo version: 2.5.3, current host: 127.0.0.1
2018-10-09 10:36:23 [ INFO ] [ DruidDataSource.java :1385(close)]  {dataSource-2} closed
2018-10-09 10:36:23 [ INFO ] [ DruidDataSource.java :1385(close)]  {dataSource-1} closed
